\BOOKMARK [1][-]{section.1}{Einleitung}{}% 1
\BOOKMARK [1][-]{section.2}{Technische Grundlagen}{}% 2
\BOOKMARK [2][-]{subsection.2.1}{Robotik}{section.2}% 3
\BOOKMARK [2][-]{subsection.2.2}{App Entwicklung}{section.2}% 4
\BOOKMARK [3][-]{subsubsection.2.2.1}{Grundlagen}{subsection.2.2}% 5
\BOOKMARK [3][-]{subsubsection.2.2.2}{Arten}{subsection.2.2}% 6
\BOOKMARK [3][-]{subsubsection.2.2.3}{Plattform\374bergreifende Programmierung}{subsection.2.2}% 7
\BOOKMARK [3][-]{subsubsection.2.2.4}{Xamarin}{subsection.2.2}% 8
\BOOKMARK [3][-]{subsubsection.2.2.5}{Mono}{subsection.2.2}% 9
\BOOKMARK [3][-]{subsubsection.2.2.6}{.Net Framework}{subsection.2.2}% 10
\BOOKMARK [2][-]{subsection.2.3}{Java}{section.2}% 11
\BOOKMARK [2][-]{subsection.2.4}{Kommunikation}{section.2}% 12
\BOOKMARK [2][-]{subsection.2.5}{Komponenten}{section.2}% 13
\BOOKMARK [1][-]{section.3}{Theoretische Grundlagen}{}% 14
\BOOKMARK [2][-]{subsection.3.1}{Schwarmverhalten}{section.3}% 15
\BOOKMARK [1][-]{section.4}{Projektorganisation}{}% 16
\BOOKMARK [1][-]{section.5}{Anforderungsdefinition}{}% 17
\BOOKMARK [1][-]{section.6}{Konzeption}{}% 18
\BOOKMARK [1][-]{section.7}{Umsetzung}{}% 19
\BOOKMARK [1][-]{section.8}{Evaluation}{}% 20
\BOOKMARK [1][-]{section.9}{Zusammenfassung und Ausblick}{}% 21
