\BOOKMARK [1][-]{section.1}{Einleitung}{}% 1
\BOOKMARK [1][-]{section.2}{Technische Grundlagen}{}% 2
\BOOKMARK [2][-]{subsection.2.1}{Robotik}{section.2}% 3
\BOOKMARK [3][-]{subsubsection.2.1.1}{Grundlagen}{subsection.2.1}% 4
\BOOKMARK [3][-]{subsubsection.2.1.2}{Mobile Roboter}{subsection.2.1}% 5
\BOOKMARK [3][-]{subsubsection.2.1.3}{Antriebsarten}{subsection.2.1}% 6
\BOOKMARK [3][-]{subsubsection.2.1.4}{Sensorik}{subsection.2.1}% 7
\BOOKMARK [3][-]{subsubsection.2.1.5}{LEGO Mindstorm}{subsection.2.1}% 8
\BOOKMARK [2][-]{subsection.2.2}{App Entwicklung}{section.2}% 9
\BOOKMARK [3][-]{subsubsection.2.2.1}{Grundlagen}{subsection.2.2}% 10
\BOOKMARK [3][-]{subsubsection.2.2.2}{Arten}{subsection.2.2}% 11
\BOOKMARK [3][-]{subsubsection.2.2.3}{Plattform\374bergreifende Programmierung}{subsection.2.2}% 12
\BOOKMARK [3][-]{subsubsection.2.2.4}{Mono}{subsection.2.2}% 13
\BOOKMARK [3][-]{subsubsection.2.2.5}{.Net Framework}{subsection.2.2}% 14
\BOOKMARK [2][-]{subsection.2.3}{Java}{section.2}% 15
\BOOKMARK [3][-]{subsubsection.2.3.1}{Grundlagen}{subsection.2.3}% 16
\BOOKMARK [3][-]{subsubsection.2.3.2}{Java Runtime Environment}{subsection.2.3}% 17
\BOOKMARK [2][-]{subsection.2.4}{Kommunikation}{section.2}% 18
\BOOKMARK [3][-]{subsubsection.2.4.1}{Grundlagen}{subsection.2.4}% 19
\BOOKMARK [3][-]{subsubsection.2.4.2}{Wifi}{subsection.2.4}% 20
\BOOKMARK [3][-]{subsubsection.2.4.3}{Datenaustauschformate}{subsection.2.4}% 21
\BOOKMARK [3][-]{subsubsection.2.4.4}{JSON}{subsection.2.4}% 22
\BOOKMARK [2][-]{subsection.2.5}{Komponenten}{section.2}% 23
\BOOKMARK [3][-]{subsubsection.2.5.1}{EV3}{subsection.2.5}% 24
\BOOKMARK [3][-]{subsubsection.2.5.2}{Raspberry Pi}{subsection.2.5}% 25
\BOOKMARK [1][-]{section.3}{Theoretische Grundlagen}{}% 26
\BOOKMARK [2][-]{subsection.3.1}{Schwarmverhalten}{section.3}% 27
\BOOKMARK [1][-]{section.4}{Projektorganisation}{}% 28
\BOOKMARK [1][-]{section.5}{Anforderungsdefinition}{}% 29
\BOOKMARK [1][-]{section.6}{Konzeption}{}% 30
\BOOKMARK [1][-]{section.7}{Umsetzung}{}% 31
\BOOKMARK [1][-]{section.8}{Evaluation}{}% 32
\BOOKMARK [1][-]{section.9}{Zusammenfassung und Ausblick}{}% 33
