This is pdfTeX, Version 3.14159265-2.6-1.40.16 (TeX Live 2015/Debian) (preloaded format=pdflatex 2017.1.11)  20 MAR 2017 14:45
entering extended mode
 restricted \write18 enabled.
 %&-line parsing enabled.
**dokumentation.tex
(./dokumentation.tex
LaTeX2e <2016/02/01>
Babel <3.9q> and hyphenation patterns for 8 language(s) loaded.
(/usr/share/texlive/texmf-dist/tex/latex/base/article.cls
Document Class: article 2014/09/29 v1.4h Standard LaTeX document class
(/usr/share/texlive/texmf-dist/tex/latex/base/size12.clo
File: size12.clo 2014/09/29 v1.4h Standard LaTeX file (size option)
)
\c@part=\count79
\c@section=\count80
\c@subsection=\count81
\c@subsubsection=\count82
\c@paragraph=\count83
\c@subparagraph=\count84
\c@figure=\count85
\c@table=\count86
\abovecaptionskip=\skip41
\belowcaptionskip=\skip42
\bibindent=\dimen102
)
(/usr/share/texlive/texmf-dist/tex/latex/geometry/geometry.sty
Package: geometry 2010/09/12 v5.6 Page Geometry

(/usr/share/texlive/texmf-dist/tex/latex/graphics/keyval.sty
Package: keyval 2014/10/28 v1.15 key=value parser (DPC)
\KV@toks@=\toks14
)
(/usr/share/texlive/texmf-dist/tex/generic/oberdiek/ifpdf.sty
Package: ifpdf 2011/01/30 v2.3 Provides the ifpdf switch (HO)
Package ifpdf Info: pdfTeX in PDF mode is detected.
)
(/usr/share/texlive/texmf-dist/tex/generic/oberdiek/ifvtex.sty
Package: ifvtex 2010/03/01 v1.5 Detect VTeX and its facilities (HO)
Package ifvtex Info: VTeX not detected.
)
(/usr/share/texlive/texmf-dist/tex/generic/ifxetex/ifxetex.sty
Package: ifxetex 2010/09/12 v0.6 Provides ifxetex conditional
)
\Gm@cnth=\count87
\Gm@cntv=\count88
\c@Gm@tempcnt=\count89
\Gm@bindingoffset=\dimen103
\Gm@wd@mp=\dimen104
\Gm@odd@mp=\dimen105
\Gm@even@mp=\dimen106
\Gm@layoutwidth=\dimen107
\Gm@layoutheight=\dimen108
\Gm@layouthoffset=\dimen109
\Gm@layoutvoffset=\dimen110
\Gm@dimlist=\toks15
)
(/usr/share/texlive/texmf-dist/tex/latex/setspace/setspace.sty
Package: setspace 2011/12/19 v6.7a set line spacing
)
(/usr/share/texlive/texmf-dist/tex/latex/base/inputenc.sty
Package: inputenc 2015/03/17 v1.2c Input encoding file
\inpenc@prehook=\toks16
\inpenc@posthook=\toks17

(/usr/share/texlive/texmf-dist/tex/latex/base/utf8.def
File: utf8.def 2015/12/03 v1.1r UTF-8 support for inputenc
Now handling font encoding OML ...
... no UTF-8 mapping file for font encoding OML
Now handling font encoding T1 ...
... processing UTF-8 mapping file for font encoding T1

(/usr/share/texlive/texmf-dist/tex/latex/base/t1enc.dfu
File: t1enc.dfu 2015/12/03 v1.1r UTF-8 support for inputenc
   defining Unicode char U+00A0 (decimal 160)
   defining Unicode char U+00A1 (decimal 161)
   defining Unicode char U+00A3 (decimal 163)
   defining Unicode char U+00AB (decimal 171)
   defining Unicode char U+00AD (decimal 173)
   defining Unicode char U+00BB (decimal 187)
   defining Unicode char U+00BF (decimal 191)
   defining Unicode char U+00C0 (decimal 192)
   defining Unicode char U+00C1 (decimal 193)
   defining Unicode char U+00C2 (decimal 194)
   defining Unicode char U+00C3 (decimal 195)
   defining Unicode char U+00C4 (decimal 196)
   defining Unicode char U+00C5 (decimal 197)
   defining Unicode char U+00C6 (decimal 198)
   defining Unicode char U+00C7 (decimal 199)
   defining Unicode char U+00C8 (decimal 200)
   defining Unicode char U+00C9 (decimal 201)
   defining Unicode char U+00CA (decimal 202)
   defining Unicode char U+00CB (decimal 203)
   defining Unicode char U+00CC (decimal 204)
   defining Unicode char U+00CD (decimal 205)
   defining Unicode char U+00CE (decimal 206)
   defining Unicode char U+00CF (decimal 207)
   defining Unicode char U+00D0 (decimal 208)
   defining Unicode char U+00D1 (decimal 209)
   defining Unicode char U+00D2 (decimal 210)
   defining Unicode char U+00D3 (decimal 211)
   defining Unicode char U+00D4 (decimal 212)
   defining Unicode char U+00D5 (decimal 213)
   defining Unicode char U+00D6 (decimal 214)
   defining Unicode char U+00D8 (decimal 216)
   defining Unicode char U+00D9 (decimal 217)
   defining Unicode char U+00DA (decimal 218)
   defining Unicode char U+00DB (decimal 219)
   defining Unicode char U+00DC (decimal 220)
   defining Unicode char U+00DD (decimal 221)
   defining Unicode char U+00DE (decimal 222)
   defining Unicode char U+00DF (decimal 223)
   defining Unicode char U+00E0 (decimal 224)
   defining Unicode char U+00E1 (decimal 225)
   defining Unicode char U+00E2 (decimal 226)
   defining Unicode char U+00E3 (decimal 227)
   defining Unicode char U+00E4 (decimal 228)
   defining Unicode char U+00E5 (decimal 229)
   defining Unicode char U+00E6 (decimal 230)
   defining Unicode char U+00E7 (decimal 231)
   defining Unicode char U+00E8 (decimal 232)
   defining Unicode char U+00E9 (decimal 233)
   defining Unicode char U+00EA (decimal 234)
   defining Unicode char U+00EB (decimal 235)
   defining Unicode char U+00EC (decimal 236)
   defining Unicode char U+00ED (decimal 237)
   defining Unicode char U+00EE (decimal 238)
   defining Unicode char U+00EF (decimal 239)
   defining Unicode char U+00F0 (decimal 240)
   defining Unicode char U+00F1 (decimal 241)
   defining Unicode char U+00F2 (decimal 242)
   defining Unicode char U+00F3 (decimal 243)
   defining Unicode char U+00F4 (decimal 244)
   defining Unicode char U+00F5 (decimal 245)
   defining Unicode char U+00F6 (decimal 246)
   defining Unicode char U+00F8 (decimal 248)
   defining Unicode char U+00F9 (decimal 249)
   defining Unicode char U+00FA (decimal 250)
   defining Unicode char U+00FB (decimal 251)
   defining Unicode char U+00FC (decimal 252)
   defining Unicode char U+00FD (decimal 253)
   defining Unicode char U+00FE (decimal 254)
   defining Unicode char U+00FF (decimal 255)
   defining Unicode char U+0100 (decimal 256)
   defining Unicode char U+0101 (decimal 257)
   defining Unicode char U+0102 (decimal 258)
   defining Unicode char U+0103 (decimal 259)
   defining Unicode char U+0104 (decimal 260)
   defining Unicode char U+0105 (decimal 261)
   defining Unicode char U+0106 (decimal 262)
   defining Unicode char U+0107 (decimal 263)
   defining Unicode char U+0108 (decimal 264)
   defining Unicode char U+0109 (decimal 265)
   defining Unicode char U+010A (decimal 266)
   defining Unicode char U+010B (decimal 267)
   defining Unicode char U+010C (decimal 268)
   defining Unicode char U+010D (decimal 269)
   defining Unicode char U+010E (decimal 270)
   defining Unicode char U+010F (decimal 271)
   defining Unicode char U+0110 (decimal 272)
   defining Unicode char U+0111 (decimal 273)
   defining Unicode char U+0112 (decimal 274)
   defining Unicode char U+0113 (decimal 275)
   defining Unicode char U+0114 (decimal 276)
   defining Unicode char U+0115 (decimal 277)
   defining Unicode char U+0116 (decimal 278)
   defining Unicode char U+0117 (decimal 279)
   defining Unicode char U+0118 (decimal 280)
   defining Unicode char U+0119 (decimal 281)
   defining Unicode char U+011A (decimal 282)
   defining Unicode char U+011B (decimal 283)
   defining Unicode char U+011C (decimal 284)
   defining Unicode char U+011D (decimal 285)
   defining Unicode char U+011E (decimal 286)
   defining Unicode char U+011F (decimal 287)
   defining Unicode char U+0120 (decimal 288)
   defining Unicode char U+0121 (decimal 289)
   defining Unicode char U+0122 (decimal 290)
   defining Unicode char U+0123 (decimal 291)
   defining Unicode char U+0124 (decimal 292)
   defining Unicode char U+0125 (decimal 293)
   defining Unicode char U+0128 (decimal 296)
   defining Unicode char U+0129 (decimal 297)
   defining Unicode char U+012A (decimal 298)
   defining Unicode char U+012B (decimal 299)
   defining Unicode char U+012C (decimal 300)
   defining Unicode char U+012D (decimal 301)
   defining Unicode char U+012E (decimal 302)
   defining Unicode char U+012F (decimal 303)
   defining Unicode char U+0130 (decimal 304)
   defining Unicode char U+0131 (decimal 305)
   defining Unicode char U+0132 (decimal 306)
   defining Unicode char U+0133 (decimal 307)
   defining Unicode char U+0134 (decimal 308)
   defining Unicode char U+0135 (decimal 309)
   defining Unicode char U+0136 (decimal 310)
   defining Unicode char U+0137 (decimal 311)
   defining Unicode char U+0139 (decimal 313)
   defining Unicode char U+013A (decimal 314)
   defining Unicode char U+013B (decimal 315)
   defining Unicode char U+013C (decimal 316)
   defining Unicode char U+013D (decimal 317)
   defining Unicode char U+013E (decimal 318)
   defining Unicode char U+0141 (decimal 321)
   defining Unicode char U+0142 (decimal 322)
   defining Unicode char U+0143 (decimal 323)
   defining Unicode char U+0144 (decimal 324)
   defining Unicode char U+0145 (decimal 325)
   defining Unicode char U+0146 (decimal 326)
   defining Unicode char U+0147 (decimal 327)
   defining Unicode char U+0148 (decimal 328)
   defining Unicode char U+014A (decimal 330)
   defining Unicode char U+014B (decimal 331)
   defining Unicode char U+014C (decimal 332)
   defining Unicode char U+014D (decimal 333)
   defining Unicode char U+014E (decimal 334)
   defining Unicode char U+014F (decimal 335)
   defining Unicode char U+0150 (decimal 336)
   defining Unicode char U+0151 (decimal 337)
   defining Unicode char U+0152 (decimal 338)
   defining Unicode char U+0153 (decimal 339)
   defining Unicode char U+0154 (decimal 340)
   defining Unicode char U+0155 (decimal 341)
   defining Unicode char U+0156 (decimal 342)
   defining Unicode char U+0157 (decimal 343)
   defining Unicode char U+0158 (decimal 344)
   defining Unicode char U+0159 (decimal 345)
   defining Unicode char U+015A (decimal 346)
   defining Unicode char U+015B (decimal 347)
   defining Unicode char U+015C (decimal 348)
   defining Unicode char U+015D (decimal 349)
   defining Unicode char U+015E (decimal 350)
   defining Unicode char U+015F (decimal 351)
   defining Unicode char U+0160 (decimal 352)
   defining Unicode char U+0161 (decimal 353)
   defining Unicode char U+0162 (decimal 354)
   defining Unicode char U+0163 (decimal 355)
   defining Unicode char U+0164 (decimal 356)
   defining Unicode char U+0165 (decimal 357)
   defining Unicode char U+0168 (decimal 360)
   defining Unicode char U+0169 (decimal 361)
   defining Unicode char U+016A (decimal 362)
   defining Unicode char U+016B (decimal 363)
   defining Unicode char U+016C (decimal 364)
   defining Unicode char U+016D (decimal 365)
   defining Unicode char U+016E (decimal 366)
   defining Unicode char U+016F (decimal 367)
   defining Unicode char U+0170 (decimal 368)
   defining Unicode char U+0171 (decimal 369)
   defining Unicode char U+0172 (decimal 370)
   defining Unicode char U+0173 (decimal 371)
   defining Unicode char U+0174 (decimal 372)
   defining Unicode char U+0175 (decimal 373)
   defining Unicode char U+0176 (decimal 374)
   defining Unicode char U+0177 (decimal 375)
   defining Unicode char U+0178 (decimal 376)
   defining Unicode char U+0179 (decimal 377)
   defining Unicode char U+017A (decimal 378)
   defining Unicode char U+017B (decimal 379)
   defining Unicode char U+017C (decimal 380)
   defining Unicode char U+017D (decimal 381)
   defining Unicode char U+017E (decimal 382)
   defining Unicode char U+01CD (decimal 461)
   defining Unicode char U+01CE (decimal 462)
   defining Unicode char U+01CF (decimal 463)
   defining Unicode char U+01D0 (decimal 464)
   defining Unicode char U+01D1 (decimal 465)
   defining Unicode char U+01D2 (decimal 466)
   defining Unicode char U+01D3 (decimal 467)
   defining Unicode char U+01D4 (decimal 468)
   defining Unicode char U+01E2 (decimal 482)
   defining Unicode char U+01E3 (decimal 483)
   defining Unicode char U+01E6 (decimal 486)
   defining Unicode char U+01E7 (decimal 487)
   defining Unicode char U+01E8 (decimal 488)
   defining Unicode char U+01E9 (decimal 489)
   defining Unicode char U+01EA (decimal 490)
   defining Unicode char U+01EB (decimal 491)
   defining Unicode char U+01F0 (decimal 496)
   defining Unicode char U+01F4 (decimal 500)
   defining Unicode char U+01F5 (decimal 501)
   defining Unicode char U+0218 (decimal 536)
   defining Unicode char U+0219 (decimal 537)
   defining Unicode char U+021A (decimal 538)
   defining Unicode char U+021B (decimal 539)
   defining Unicode char U+01E02 (decimal 7682)
   defining Unicode char U+01E03 (decimal 7683)
   defining Unicode char U+200C (decimal 8204)
   defining Unicode char U+2013 (decimal 8211)
   defining Unicode char U+2014 (decimal 8212)
   defining Unicode char U+2018 (decimal 8216)
   defining Unicode char U+2019 (decimal 8217)
   defining Unicode char U+201A (decimal 8218)
   defining Unicode char U+201C (decimal 8220)
   defining Unicode char U+201D (decimal 8221)
   defining Unicode char U+201E (decimal 8222)
   defining Unicode char U+2030 (decimal 8240)
   defining Unicode char U+2031 (decimal 8241)
   defining Unicode char U+2039 (decimal 8249)
   defining Unicode char U+203A (decimal 8250)
   defining Unicode char U+2423 (decimal 9251)
)
Now handling font encoding OT1 ...
... processing UTF-8 mapping file for font encoding OT1

(/usr/share/texlive/texmf-dist/tex/latex/base/ot1enc.dfu
File: ot1enc.dfu 2015/12/03 v1.1r UTF-8 support for inputenc
   defining Unicode char U+00A0 (decimal 160)
   defining Unicode char U+00A1 (decimal 161)
   defining Unicode char U+00A3 (decimal 163)
   defining Unicode char U+00AD (decimal 173)
   defining Unicode char U+00B8 (decimal 184)
   defining Unicode char U+00BF (decimal 191)
   defining Unicode char U+00C5 (decimal 197)
   defining Unicode char U+00C6 (decimal 198)
   defining Unicode char U+00D8 (decimal 216)
   defining Unicode char U+00DF (decimal 223)
   defining Unicode char U+00E6 (decimal 230)
   defining Unicode char U+00EC (decimal 236)
   defining Unicode char U+00ED (decimal 237)
   defining Unicode char U+00EE (decimal 238)
   defining Unicode char U+00EF (decimal 239)
   defining Unicode char U+00F8 (decimal 248)
   defining Unicode char U+0131 (decimal 305)
   defining Unicode char U+0141 (decimal 321)
   defining Unicode char U+0142 (decimal 322)
   defining Unicode char U+0152 (decimal 338)
   defining Unicode char U+0153 (decimal 339)
   defining Unicode char U+0174 (decimal 372)
   defining Unicode char U+0175 (decimal 373)
   defining Unicode char U+0176 (decimal 374)
   defining Unicode char U+0177 (decimal 375)
   defining Unicode char U+0218 (decimal 536)
   defining Unicode char U+0219 (decimal 537)
   defining Unicode char U+021A (decimal 538)
   defining Unicode char U+021B (decimal 539)
   defining Unicode char U+2013 (decimal 8211)
   defining Unicode char U+2014 (decimal 8212)
   defining Unicode char U+2018 (decimal 8216)
   defining Unicode char U+2019 (decimal 8217)
   defining Unicode char U+201C (decimal 8220)
   defining Unicode char U+201D (decimal 8221)
)
Now handling font encoding OMS ...
... processing UTF-8 mapping file for font encoding OMS

(/usr/share/texlive/texmf-dist/tex/latex/base/omsenc.dfu
File: omsenc.dfu 2015/12/03 v1.1r UTF-8 support for inputenc
   defining Unicode char U+00A7 (decimal 167)
   defining Unicode char U+00B6 (decimal 182)
   defining Unicode char U+00B7 (decimal 183)
   defining Unicode char U+2020 (decimal 8224)
   defining Unicode char U+2021 (decimal 8225)
   defining Unicode char U+2022 (decimal 8226)
)
Now handling font encoding OMX ...
... no UTF-8 mapping file for font encoding OMX
Now handling font encoding U ...
... no UTF-8 mapping file for font encoding U
   defining Unicode char U+00A9 (decimal 169)
   defining Unicode char U+00AA (decimal 170)
   defining Unicode char U+00AE (decimal 174)
   defining Unicode char U+00BA (decimal 186)
   defining Unicode char U+02C6 (decimal 710)
   defining Unicode char U+02DC (decimal 732)
   defining Unicode char U+200C (decimal 8204)
   defining Unicode char U+2026 (decimal 8230)
   defining Unicode char U+2122 (decimal 8482)
   defining Unicode char U+2423 (decimal 9251)
))
(/usr/share/texlive/texmf-dist/tex/generic/babel/babel.sty
Package: babel 2016/02/24 3.9q The Babel package

(/usr/share/texlive/texmf-dist/tex/generic/babel-german/ngerman.ldf
Language: ngerman 2013/12/13 v2.7 German support for babel (new orthography)

(/usr/share/texlive/texmf-dist/tex/generic/babel-german/ngermanb.ldf
Language: ngermanb 2013/12/13 v2.7 German support for babel (new orthography)

(/usr/share/texlive/texmf-dist/tex/generic/babel/babel.def
File: babel.def 2016/02/24 3.9q Babel common definitions
\babel@savecnt=\count90
\U@D=\dimen111
)
\l@naustrian = a dialect from \language\l@ngerman 
\l@nswissgerman = a dialect from \language\l@ngerman 
Package babel Info: Making " an active character on input line 88.
)))
(/usr/share/texlive/texmf-dist/tex/latex/base/fontenc.sty
Package: fontenc 2005/09/27 v1.99g Standard LaTeX package

(/usr/share/texlive/texmf-dist/tex/latex/base/t1enc.def
File: t1enc.def 2005/09/27 v1.99g Standard LaTeX file
LaTeX Font Info:    Redeclaring font encoding T1 on input line 48.
))
(/usr/share/texlive/texmf-dist/tex/latex/koma-script/scrpage2.sty
Package: scrpage2 2015/10/03 v3.19a KOMA-Script package (page head and foot)
)
(/usr/share/texlive/texmf-dist/tex/latex/csquotes/csquotes.sty
Package: csquotes 2016/01/31 v5.1g context-sensitive quotations (JAW)

(/usr/share/texlive/texmf-dist/tex/latex/etoolbox/etoolbox.sty
Package: etoolbox 2015/08/02 v2.2a e-TeX tools for LaTeX (JAW)
\etb@tempcnta=\count91
)
\csq@reset=\count92
\csq@gtype=\count93
\csq@glevel=\count94
\csq@qlevel=\count95
\csq@maxlvl=\count96
\csq@tshold=\count97
\csq@ltx@everypar=\toks18

(/usr/share/texlive/texmf-dist/tex/latex/csquotes/csquotes.def
File: csquotes.def 2016/01/31 v5.1g csquotes generic definitions (JAW)
)
Package csquotes Info: Trying to load configuration file 'csquotes.cfg'...
Package csquotes Info: ... configuration file loaded successfully.

(/usr/share/texlive/texmf-dist/tex/latex/csquotes/csquotes.cfg
File: csquotes.cfg 
)
Package csquotes Info: Enabling multilingual quotes.
Package csquotes Info: Redefining alias 'german' -> 'german/quotes'.
)
(/usr/share/texlive/texmf-dist/tex/latex/hyperref/hyperref.sty
Package: hyperref 2012/11/06 v6.83m Hypertext links for LaTeX

(/usr/share/texlive/texmf-dist/tex/generic/oberdiek/hobsub-hyperref.sty
Package: hobsub-hyperref 2012/05/28 v1.13 Bundle oberdiek, subset hyperref (HO)


(/usr/share/texlive/texmf-dist/tex/generic/oberdiek/hobsub-generic.sty
Package: hobsub-generic 2012/05/28 v1.13 Bundle oberdiek, subset generic (HO)
Package: hobsub 2012/05/28 v1.13 Construct package bundles (HO)
Package: infwarerr 2010/04/08 v1.3 Providing info/warning/error messages (HO)
Package: ltxcmds 2011/11/09 v1.22 LaTeX kernel commands for general use (HO)
Package: ifluatex 2010/03/01 v1.3 Provides the ifluatex switch (HO)
Package ifluatex Info: LuaTeX not detected.
Package hobsub Info: Skipping package `ifvtex' (already loaded).
Package: intcalc 2007/09/27 v1.1 Expandable calculations with integers (HO)
Package hobsub Info: Skipping package `ifpdf' (already loaded).
Package: etexcmds 2011/02/16 v1.5 Avoid name clashes with e-TeX commands (HO)
Package etexcmds Info: Could not find \expanded.
(etexcmds)             That can mean that you are not using pdfTeX 1.50 or
(etexcmds)             that some package has redefined \expanded.
(etexcmds)             In the latter case, load this package earlier.
Package: kvsetkeys 2012/04/25 v1.16 Key value parser (HO)
Package: kvdefinekeys 2011/04/07 v1.3 Define keys (HO)
Package: pdftexcmds 2011/11/29 v0.20 Utility functions of pdfTeX for LuaTeX (HO
)
Package pdftexcmds Info: LuaTeX not detected.
Package pdftexcmds Info: \pdf@primitive is available.
Package pdftexcmds Info: \pdf@ifprimitive is available.
Package pdftexcmds Info: \pdfdraftmode found.
Package: pdfescape 2011/11/25 v1.13 Implements pdfTeX's escape features (HO)
Package: bigintcalc 2012/04/08 v1.3 Expandable calculations on big integers (HO
)
Package: bitset 2011/01/30 v1.1 Handle bit-vector datatype (HO)
Package: uniquecounter 2011/01/30 v1.2 Provide unlimited unique counter (HO)
)
Package hobsub Info: Skipping package `hobsub' (already loaded).
Package: letltxmacro 2010/09/02 v1.4 Let assignment for LaTeX macros (HO)
Package: hopatch 2012/05/28 v1.2 Wrapper for package hooks (HO)
Package: xcolor-patch 2011/01/30 xcolor patch
Package: atveryend 2011/06/30 v1.8 Hooks at the very end of document (HO)
Package: atbegshi 2011/10/05 v1.16 At begin shipout hook (HO)
Package: refcount 2011/10/16 v3.4 Data extraction from label references (HO)
Package: hycolor 2011/01/30 v1.7 Color options for hyperref/bookmark (HO)
)
(/usr/share/texlive/texmf-dist/tex/latex/oberdiek/auxhook.sty
Package: auxhook 2011/03/04 v1.3 Hooks for auxiliary files (HO)
)
(/usr/share/texlive/texmf-dist/tex/latex/oberdiek/kvoptions.sty
Package: kvoptions 2011/06/30 v3.11 Key value format for package options (HO)
)
\@linkdim=\dimen112
\Hy@linkcounter=\count98
\Hy@pagecounter=\count99

(/usr/share/texlive/texmf-dist/tex/latex/hyperref/pd1enc.def
File: pd1enc.def 2012/11/06 v6.83m Hyperref: PDFDocEncoding definition (HO)
Now handling font encoding PD1 ...
... no UTF-8 mapping file for font encoding PD1
)
\Hy@SavedSpaceFactor=\count100

(/usr/share/texlive/texmf-dist/tex/latex/latexconfig/hyperref.cfg
File: hyperref.cfg 2002/06/06 v1.2 hyperref configuration of TeXLive
)
Package hyperref Info: Option `bookmarks' set `true' on input line 4319.
Package hyperref Info: Option `colorlinks' set `true' on input line 4319.
Package hyperref Info: Hyper figures OFF on input line 4443.
Package hyperref Info: Link nesting OFF on input line 4448.
Package hyperref Info: Hyper index ON on input line 4451.
Package hyperref Info: Plain pages OFF on input line 4458.
Package hyperref Info: Backreferencing OFF on input line 4463.
Package hyperref Info: Implicit mode ON; LaTeX internals redefined.
Package hyperref Info: Bookmarks ON on input line 4688.
\c@Hy@tempcnt=\count101

(/usr/share/texlive/texmf-dist/tex/latex/url/url.sty
\Urlmuskip=\muskip10
Package: url 2013/09/16  ver 3.4  Verb mode for urls, etc.
)
LaTeX Info: Redefining \url on input line 5041.
\XeTeXLinkMargin=\dimen113
\Fld@menulength=\count102
\Field@Width=\dimen114
\Fld@charsize=\dimen115
Package hyperref Info: Hyper figures OFF on input line 6295.
Package hyperref Info: Link nesting OFF on input line 6300.
Package hyperref Info: Hyper index ON on input line 6303.
Package hyperref Info: backreferencing OFF on input line 6310.
Package hyperref Info: Link coloring ON on input line 6313.
Package hyperref Info: Link coloring with OCG OFF on input line 6320.
Package hyperref Info: PDF/A mode OFF on input line 6325.
LaTeX Info: Redefining \ref on input line 6365.
LaTeX Info: Redefining \pageref on input line 6369.
\Hy@abspage=\count103
\c@Item=\count104
\c@Hfootnote=\count105
)

Package hyperref Message: Driver (autodetected): hpdftex.

(/usr/share/texlive/texmf-dist/tex/latex/hyperref/hpdftex.def
File: hpdftex.def 2012/11/06 v6.83m Hyperref driver for pdfTeX
\Fld@listcount=\count106
\c@bookmark@seq@number=\count107

(/usr/share/texlive/texmf-dist/tex/latex/oberdiek/rerunfilecheck.sty
Package: rerunfilecheck 2011/04/15 v1.7 Rerun checks for auxiliary files (HO)
Package uniquecounter Info: New unique counter `rerunfilecheck' on input line 2
82.
)
\Hy@SectionHShift=\skip43
)
(/usr/share/texlive/texmf-dist/tex/latex/koma-script/scrextend.sty
Package: scrextend 2015/10/03 v3.19a KOMA-Script package (extend other classes 
with features of KOMA-Script classes)

(/usr/share/texlive/texmf-dist/tex/latex/koma-script/scrkbase.sty
Package: scrkbase 2015/10/03 v3.19a KOMA-Script package (KOMA-Script-dependent 
basics and keyval usage)

(/usr/share/texlive/texmf-dist/tex/latex/koma-script/scrbase.sty
Package: scrbase 2015/10/03 v3.19a KOMA-Script package (KOMA-Script-independent
 basics and keyval usage)

(/usr/share/texlive/texmf-dist/tex/latex/koma-script/scrlfile.sty
Package: scrlfile 2015/10/03 v3.19a KOMA-Script package (loading files)

Package scrlfile, 2015/10/03 v3.19a KOMA-Script package (loading files)
                  Copyright (C) Markus Kohm

)))

LaTeX Warning: Command \@footnotemark  has changed.
               Check if current package is valid.

LaTeX Info: Redefining \textsubscript on input line 1277.
) (/usr/share/texlive/texmf-dist/tex/latex/glossaries/base/glossaries.sty
Package: glossaries 2016/01/24 v4.21 (NLCT)

(/usr/share/texlive/texmf-dist/tex/latex/base/ifthen.sty
Package: ifthen 2014/09/29 v1.1c Standard LaTeX ifthen package (DPC)
)
(/usr/share/texlive/texmf-dist/tex/latex/xkeyval/xkeyval.sty
Package: xkeyval 2014/12/03 v2.7a package option processing (HA)

(/usr/share/texlive/texmf-dist/tex/generic/xkeyval/xkeyval.tex
(/usr/share/texlive/texmf-dist/tex/generic/xkeyval/xkvutils.tex
\XKV@toks=\toks19
\XKV@tempa@toks=\toks20
)
\XKV@depth=\count108
File: xkeyval.tex 2014/12/03 v2.7a key=value parser (HA)
))
(/usr/share/texlive/texmf-dist/tex/latex/mfirstuc/mfirstuc.sty
Package: mfirstuc 2015/12/17 v2.02 (NLCT)
\@glsmfirst=\toks21
\@glsmrest=\toks22
)
(/usr/share/texlive/texmf-dist/tex/latex/textcase/textcase.sty
Package: textcase 2004/10/07 v0.07 Text only upper/lower case changing (DPC)
)
(/usr/share/texlive/texmf-dist/tex/latex/xfor/xfor.sty
Package: xfor 2009/02/05 v1.05 (NLCT)
)
(/usr/share/texlive/texmf-dist/tex/latex/datatool/datatool-base.sty
Package: datatool-base 2016/01/18 v2.25 (NLCT)

(/usr/share/texlive/texmf-dist/tex/latex/amsmath/amsmath.sty
Package: amsmath 2016/03/03 v2.15a AMS math features
\@mathmargin=\skip44

For additional information on amsmath, use the `?' option.
(/usr/share/texlive/texmf-dist/tex/latex/amsmath/amstext.sty
Package: amstext 2000/06/29 v2.01 AMS text

(/usr/share/texlive/texmf-dist/tex/latex/amsmath/amsgen.sty
File: amsgen.sty 1999/11/30 v2.0 generic functions
\@emptytoks=\toks23
\ex@=\dimen116
))
(/usr/share/texlive/texmf-dist/tex/latex/amsmath/amsbsy.sty
Package: amsbsy 1999/11/29 v1.2d Bold Symbols
\pmbraise@=\dimen117
)
(/usr/share/texlive/texmf-dist/tex/latex/amsmath/amsopn.sty
Package: amsopn 1999/12/14 v2.01 operator names
)
\inf@bad=\count109
LaTeX Info: Redefining \frac on input line 199.
\uproot@=\count110
\leftroot@=\count111
LaTeX Info: Redefining \overline on input line 297.
\classnum@=\count112
\DOTSCASE@=\count113
LaTeX Info: Redefining \ldots on input line 394.
LaTeX Info: Redefining \dots on input line 397.
LaTeX Info: Redefining \cdots on input line 518.
\Mathstrutbox@=\box26
\strutbox@=\box27
\big@size=\dimen118
LaTeX Font Info:    Redeclaring font encoding OML on input line 630.
LaTeX Font Info:    Redeclaring font encoding OMS on input line 631.
\macc@depth=\count114
\c@MaxMatrixCols=\count115
\dotsspace@=\muskip11
\c@parentequation=\count116
\dspbrk@lvl=\count117
\tag@help=\toks24
\row@=\count118
\column@=\count119
\maxfields@=\count120
\andhelp@=\toks25
\eqnshift@=\dimen119
\alignsep@=\dimen120
\tagshift@=\dimen121
\tagwidth@=\dimen122
\totwidth@=\dimen123
\lineht@=\dimen124
\@envbody=\toks26
\multlinegap=\skip45
\multlinetaggap=\skip46
\mathdisplay@stack=\toks27
LaTeX Info: Redefining \[ on input line 2735.
LaTeX Info: Redefining \] on input line 2736.
)
(/usr/share/texlive/texmf-dist/tex/latex/substr/substr.sty
Package: substr 2009/10/20 v1.2 Handle substrings
\c@su@anzahl=\count121
)
(/usr/share/texlive/texmf-dist/tex/latex/datatool/datatool-fp.sty
Package: datatool-fp 2016/01/18 v2.25 (NLCT)

(/usr/share/texlive/texmf-dist/tex/latex/fp/fp.sty
Package: fp 1995/04/02

`Fixed Point Package', Version 0.8, April 2, 1995 (C) Michael Mehlich
(/usr/share/texlive/texmf-dist/tex/latex/fp/defpattern.sty
Package: defpattern 1994/10/12
\actioncount=\count122
)
(/usr/share/texlive/texmf-dist/tex/latex/fp/fp-basic.sty
Package: fp-basic 1996/05/13
\FP@xs=\count123
\FP@xia=\count124
\FP@xib=\count125
\FP@xfa=\count126
\FP@xfb=\count127
\FP@rega=\count128
\FP@regb=\count129
\FP@regs=\count130
\FP@times=\count131
)
(/usr/share/texlive/texmf-dist/tex/latex/fp/fp-addons.sty
Package: fp-addons 1995/03/15
)
(/usr/share/texlive/texmf-dist/tex/latex/fp/fp-snap.sty
Package: fp-snap 1995/04/05
)
(/usr/share/texlive/texmf-dist/tex/latex/fp/fp-exp.sty
Package: fp-exp 1995/04/03
)
(/usr/share/texlive/texmf-dist/tex/latex/fp/fp-trigo.sty
Package: fp-trigo 1995/04/14
)
(/usr/share/texlive/texmf-dist/tex/latex/fp/fp-pas.sty
Package: fp-pas 1994/08/29
)
(/usr/share/texlive/texmf-dist/tex/latex/fp/fp-random.sty
Package: fp-random 1995/02/23
\FPseed=\count132
)
(/usr/share/texlive/texmf-dist/tex/latex/fp/fp-eqn.sty
Package: fp-eqn 1995/04/03
)
(/usr/share/texlive/texmf-dist/tex/latex/fp/fp-upn.sty
Package: fp-upn 1996/10/21
)
(/usr/share/texlive/texmf-dist/tex/latex/fp/fp-eval.sty
Package: fp-eval 1995/04/03
)))
\@dtl@toks=\toks28
\@dtl@tmpcount=\count133
\dtl@tmplength=\skip47
\dtl@sortresult=\count134
\@dtl@numgrpsepcount=\count135
\@dtl@datatype=\count136
\dtl@codeA=\count137
\dtl@codeB=\count138
\@dtl@foreach@level=\count139
)
(/usr/share/texlive/texmf-dist/tex/latex/glossaries/base/glossaries-compatible-
307.sty
Package: glossaries-compatible-307 2016/01/24 v4.21 (NLCT)
) (/usr/share/texlive/texmf-dist/tex/latex/tracklang/tracklang.sty
Package: tracklang 2015/03/23 v1.2 (NLCT) Track Languages

(/usr/share/texlive/texmf-dist/tex/generic/tracklang/tracklang.tex))
(/usr/share/texlive/texmf-dist/tex/latex/beamer/translator/translator.sty
Package: translator 2010/06/12 ver 1.10

(/usr/share/texlive/texmf-dist/tex/latex/beamer/translator/translator-language-
mappings.tex))
(/usr/share/texlive/texmf-dist/tex/latex/glossaries-german/glossaries-german.ld
f
File: glossaries-german.ldf 2014/11/23 v1.0
)
\gls@level=\count140
\@gls@tmpb=\toks29
\gls@tmplen=\skip48
\glskeylisttok=\toks30
\glslabeltok=\toks31
\glsshorttok=\toks32
\glslongtok=\toks33

(/usr/share/texlive/texmf-dist/tex/latex/glossaries/styles/glossary-hypernav.st
y
Package: glossary-hypernav 2016/01/24 v4.21 (NLCT)
) (/usr/share/texlive/texmf-dist/tex/latex/glossaries/styles/glossary-list.sty
Package: glossary-list 2016/01/24 v4.21 (NLCT)
\glslistdottedwidth=\skip49
) (/usr/share/texlive/texmf-dist/tex/latex/glossaries/styles/glossary-long.sty
Package: glossary-long 2016/01/24 v4.21 (NLCT)

(/usr/share/texlive/texmf-dist/tex/latex/tools/longtable.sty
Package: longtable 2014/10/28 v4.11 Multi-page Table package (DPC)
\LTleft=\skip50
\LTright=\skip51
\LTpre=\skip52
\LTpost=\skip53
\LTchunksize=\count141
\LTcapwidth=\dimen125
\LT@head=\box28
\LT@firsthead=\box29
\LT@foot=\box30
\LT@lastfoot=\box31
\LT@cols=\count142
\LT@rows=\count143
\c@LT@tables=\count144
\c@LT@chunks=\count145
\LT@p@ftn=\toks34
)
\glsdescwidth=\skip54
\glspagelistwidth=\skip55
)
(/usr/share/texlive/texmf-dist/tex/latex/glossaries/styles/glossary-super.sty
Package: glossary-super 2016/01/24 v4.21 (NLCT)

(/usr/share/texlive/texmf-dist/tex/latex/supertabular/supertabular.sty
Package: supertabular 2004/02/20 v4.1e the supertabular environment
\c@tracingst=\count146
\ST@wd=\dimen126
\ST@rightskip=\skip56
\ST@leftskip=\skip57
\ST@parfillskip=\skip58
\ST@pageleft=\dimen127
\ST@headht=\dimen128
\ST@tailht=\dimen129
\ST@pagesofar=\dimen130
\ST@pboxht=\dimen131
\ST@lineht=\dimen132
\ST@stretchht=\dimen133
\ST@prevht=\dimen134
\ST@toadd=\dimen135
\ST@dimen=\dimen136
\ST@pbox=\box32
))
(/usr/share/texlive/texmf-dist/tex/latex/glossaries/styles/glossary-tree.sty
Package: glossary-tree 2016/01/24 v4.21 (NLCT)
\glstreeindent=\skip59
))
(/usr/share/texlive/texmf-dist/tex/latex/natbib/natbib.sty
Package: natbib 2010/09/13 8.31b (PWD, AO)
\bibhang=\skip60
\bibsep=\skip61
LaTeX Info: Redefining \cite on input line 694.
\c@NAT@ctr=\count147
)
(/usr/share/texlive/texmf-dist/tex/latex/pdfpages/pdfpages.sty
Package: pdfpages 2015/09/18 v0.5d Insert pages of external PDF documents (AM)

(/usr/share/texlive/texmf-dist/tex/latex/tools/calc.sty
Package: calc 2014/10/28 v4.3 Infix arithmetic (KKT,FJ)
\calc@Acount=\count148
\calc@Bcount=\count149
\calc@Adimen=\dimen137
\calc@Bdimen=\dimen138
\calc@Askip=\skip62
\calc@Bskip=\skip63
LaTeX Info: Redefining \setlength on input line 80.
LaTeX Info: Redefining \addtolength on input line 81.
\calc@Ccount=\count150
\calc@Cskip=\skip64
)
(/usr/share/texlive/texmf-dist/tex/latex/eso-pic/eso-pic.sty
Package: eso-pic 2015/07/21 v2.0g eso-pic (RN)

(/usr/share/texlive/texmf-dist/tex/latex/xcolor/xcolor.sty
Package: xcolor 2007/01/21 v2.11 LaTeX color extensions (UK)

(/usr/share/texlive/texmf-dist/tex/latex/latexconfig/color.cfg
File: color.cfg 2007/01/18 v1.5 color configuration of teTeX/TeXLive
)
Package xcolor Info: Driver file: pdftex.def on input line 225.

(/usr/share/texlive/texmf-dist/tex/latex/pdftex-def/pdftex.def
File: pdftex.def 2011/05/27 v0.06d Graphics/color for pdfTeX
\Gread@gobject=\count151
)
Package xcolor Info: Model `cmy' substituted by `cmy0' on input line 1337.
Package xcolor Info: Model `hsb' substituted by `rgb' on input line 1341.
Package xcolor Info: Model `RGB' extended on input line 1353.
Package xcolor Info: Model `HTML' substituted by `rgb' on input line 1355.
Package xcolor Info: Model `Hsb' substituted by `hsb' on input line 1356.
Package xcolor Info: Model `tHsb' substituted by `hsb' on input line 1357.
Package xcolor Info: Model `HSB' substituted by `hsb' on input line 1358.
Package xcolor Info: Model `Gray' substituted by `gray' on input line 1359.
Package xcolor Info: Model `wave' substituted by `hsb' on input line 1360.
))
(/usr/share/texlive/texmf-dist/tex/latex/graphics/graphicx.sty
Package: graphicx 2014/10/28 v1.0g Enhanced LaTeX Graphics (DPC,SPQR)

(/usr/share/texlive/texmf-dist/tex/latex/graphics/graphics.sty
Package: graphics 2016/01/03 v1.0q Standard LaTeX Graphics (DPC,SPQR)

(/usr/share/texlive/texmf-dist/tex/latex/graphics/trig.sty
Package: trig 2016/01/03 v1.10 sin cos tan (DPC)
)
(/usr/share/texlive/texmf-dist/tex/latex/latexconfig/graphics.cfg
File: graphics.cfg 2010/04/23 v1.9 graphics configuration of TeX Live
)
Package graphics Info: Driver file: pdftex.def on input line 95.
)
\Gin@req@height=\dimen139
\Gin@req@width=\dimen140
)
\AM@pagewidth=\dimen141
\AM@pageheight=\dimen142

(/usr/share/texlive/texmf-dist/tex/latex/pdfpages/pppdftex.def
File: pppdftex.def 2015/09/18 v0.5d Pdfpages driver for pdfTeX (AM)
)
\AM@pagebox=\box33
\AM@toc@title=\toks35
\c@AM@survey=\count152
\AM@templatesizebox=\box34
)
(/usr/share/texlive/texmf-dist/tex/latex/subfig/subfig.sty
Package: subfig 2005/06/28 ver: 1.3 subfig package

(/usr/share/texlive/texmf-dist/tex/latex/caption/caption.sty
Package: caption 2016/02/21 v3.3-144 Customizing captions (AR)

(/usr/share/texlive/texmf-dist/tex/latex/caption/caption3.sty
Package: caption3 2016/02/04 v1.7-139 caption3 kernel (AR)
Package caption3 Info: TeX engine: e-TeX on input line 67.
\captionmargin=\dimen143
\captionmargin@=\dimen144
\captionwidth=\dimen145
\caption@tempdima=\dimen146
\caption@indent=\dimen147
\caption@parindent=\dimen148
\caption@hangindent=\dimen149
)
\c@ContinuedFloat=\count153
Package caption Info: hyperref package is loaded.
Package caption Info: longtable package is loaded.

(/usr/share/texlive/texmf-dist/tex/latex/caption/ltcaption.sty
Package: ltcaption 2013/06/09 v1.4-94 longtable captions (AR)
)
Package caption Info: supertabular package is loaded.
)
\c@KVtest=\count154
\sf@farskip=\skip65
\sf@captopadj=\dimen150
\sf@capskip=\skip66
\sf@nearskip=\skip67
\c@subfigure=\count155
\c@subfigure@save=\count156
\c@lofdepth=\count157
\c@subtable=\count158
\c@subtable@save=\count159
\c@lotdepth=\count160
\sf@top=\skip68
\sf@bottom=\skip69
)
(/usr/share/texlive/texmf-dist/tex/latex/wrapfig/wrapfig.sty
\wrapoverhang=\dimen151
\WF@size=\dimen152
\c@WF@wrappedlines=\count161
\WF@box=\box35
\WF@everypar=\toks36
Package: wrapfig 2003/01/31  v 3.6
)
(/usr/share/texlive/texmf-dist/tex/latex/lipsum/lipsum.sty
Package: lipsum 2014/07/27 v1.3 150 paragraphs of Lorem Ipsum dummy text
\c@lips@count=\count162
)
(/usr/share/texlive/texmf-dist/tex/latex/tools/verbatim.sty
Package: verbatim 2014/10/28 v1.5q LaTeX2e package for verbatim enhancements
\every@verbatim=\toks37
\verbatim@line=\toks38
\verbatim@in@stream=\read1
)
(/usr/share/texlive/texmf-dist/tex/latex/listings/listings.sty
\lst@mode=\count163
\lst@gtempboxa=\box36
\lst@token=\toks39
\lst@length=\count164
\lst@currlwidth=\dimen153
\lst@column=\count165
\lst@pos=\count166
\lst@lostspace=\dimen154
\lst@width=\dimen155
\lst@newlines=\count167
\lst@lineno=\count168
\lst@maxwidth=\dimen156

(/usr/share/texlive/texmf-dist/tex/latex/listings/lstmisc.sty
File: lstmisc.sty 2015/06/04 1.6 (Carsten Heinz)
\c@lstnumber=\count169
\lst@skipnumbers=\count170
\lst@framebox=\box37
)
(/usr/share/texlive/texmf-dist/tex/latex/listings/listings.cfg
File: listings.cfg 2015/06/04 1.6 listings configuration
))
Package: listings 2015/06/04 1.6 (Carsten Heinz)

(/usr/share/texlive/texmf-dist/tex/latex/eurosym/eurosym.sty
Package: eurosym 1998/08/06 v1.1 European currency symbol ``Euro''
\@eurobox=\box38
)
\glswrite=\write3
\glo@main@file=\write4
\openout4 = `dokumentation.glo'.

Package glossaries Info: Writing glossary file dokumentation.glo on input line 
41.
\glo@acronym@file=\write5
\openout5 = `dokumentation.acn'.

Package glossaries Info: Writing glossary file dokumentation.acn on input line 
41.

(./dokumente/glossarycontent.tex) (./dokumente/terminology.tex)
(./dokumente/farben.tex)
Package csquotes Info: Checking for multilingual support...
Package csquotes Info: ... found 'babel' package.
 (./dokumentation.aux (./dokumente/titel.aux)
(./dokumente/erklaerung.aux) (./dokumente/abstract.aux)
(./dokumente/verzeichnisse.aux) (./dokumente/einleitung.aux)
(./dokumente/theoretischeundtechnischegrundlagen.aux)
(./dokumente/organisation.aux) (./dokumente/konzeption.aux)
(./dokumente/loesungsansatz.aux) (./dokumente/umsetzung.aux)
(./dokumente/evaluation.aux) (./dokumente/zusammenfassungausblick.aux)
(./dokumente/literatur.aux) (./dokumente/anhang.aux))
\openout1 = `dokumentation.aux'.

LaTeX Font Info:    Checking defaults for OML/cmm/m/it on input line 47.
LaTeX Font Info:    ... okay on input line 47.
LaTeX Font Info:    Checking defaults for T1/cmr/m/n on input line 47.
LaTeX Font Info:    ... okay on input line 47.
LaTeX Font Info:    Checking defaults for OT1/cmr/m/n on input line 47.
LaTeX Font Info:    ... okay on input line 47.
LaTeX Font Info:    Checking defaults for OMS/cmsy/m/n on input line 47.
LaTeX Font Info:    ... okay on input line 47.
LaTeX Font Info:    Checking defaults for OMX/cmex/m/n on input line 47.
LaTeX Font Info:    ... okay on input line 47.
LaTeX Font Info:    Checking defaults for U/cmr/m/n on input line 47.
LaTeX Font Info:    ... okay on input line 47.
LaTeX Font Info:    Checking defaults for PD1/pdf/m/n on input line 47.
LaTeX Font Info:    ... okay on input line 47.

*geometry* driver: auto-detecting
*geometry* detected driver: pdftex
*geometry* verbose mode - [ preamble ] result:
* driver: pdftex
* paper: a4paper
* layout: <same size as paper>
* layoutoffset:(h,v)=(0.0pt,0.0pt)
* modes: 
* h-part:(L,W,R)=(71.13188pt, 455.24411pt, 71.13188pt)
* v-part:(T,H,B)=(71.13188pt, 702.78308pt, 71.13188pt)
* \paperwidth=597.50787pt
* \paperheight=845.04684pt
* \textwidth=455.24411pt
* \textheight=702.78308pt
* \oddsidemargin=-1.1381pt
* \evensidemargin=-1.1381pt
* \topmargin=-38.1381pt
* \headheight=12.0pt
* \headsep=56.9055pt
* \topskip=12.0pt
* \footskip=30.0pt
* \marginparwidth=35.0pt
* \marginparsep=10.0pt
* \columnsep=10.0pt
* \skip\footins=10.8pt plus 4.0pt minus 2.0pt
* \hoffset=0.0pt
* \voffset=0.0pt
* \mag=1000
* \@twocolumnfalse
* \@twosidefalse
* \@mparswitchfalse
* \@reversemarginfalse
* (1in=72.27pt=25.4mm, 1cm=28.453pt)


Package scrpage2 Warning: seems you are using a constant headheight.
(scrpage2)                If you get overfull \vbox warnings at almost every
(scrpage2)                page, you should increase headheight e.g. writing
(scrpage2)                 \setlength{\headheight}{1.1\baselineskip}
(scrpage2)                into the preamble of your document.
(scrpage2)                A better solution would be to use typearea package.

\AtBeginShipoutBox=\box39
Package hyperref Info: Link coloring ON on input line 47.
(/usr/share/texlive/texmf-dist/tex/latex/hyperref/nameref.sty
Package: nameref 2012/10/27 v2.43 Cross-referencing by name of section

(/usr/share/texlive/texmf-dist/tex/generic/oberdiek/gettitlestring.sty
Package: gettitlestring 2010/12/03 v1.4 Cleanup title references (HO)
)
\c@section@level=\count171
)
LaTeX Info: Redefining \ref on input line 47.
LaTeX Info: Redefining \pageref on input line 47.
LaTeX Info: Redefining \nameref on input line 47.

(./dokumentation.out) (./dokumentation.out)
\@outlinefile=\write6
\openout6 = `dokumentation.out'.


(/usr/share/texlive/texmf-dist/tex/context/base/supp-pdf.mkii
[Loading MPS to PDF converter (version 2006.09.02).]
\scratchcounter=\count172
\scratchdimen=\dimen157
\scratchbox=\box40
\nofMPsegments=\count173
\nofMParguments=\count174
\everyMPshowfont=\toks40
\MPscratchCnt=\count175
\MPscratchDim=\dimen158
\MPnumerator=\count176
\makeMPintoPDFobject=\count177
\everyMPtoPDFconversion=\toks41
) (/usr/share/texlive/texmf-dist/tex/latex/oberdiek/epstopdf-base.sty
Package: epstopdf-base 2010/02/09 v2.5 Base part for package epstopdf

(/usr/share/texlive/texmf-dist/tex/latex/oberdiek/grfext.sty
Package: grfext 2010/08/19 v1.1 Manage graphics extensions (HO)
)
Package grfext Info: Graphics extension search list:
(grfext)             [.png,.pdf,.jpg,.mps,.jpeg,.jbig2,.jb2,.PNG,.PDF,.JPG,.JPE
G,.JBIG2,.JB2,.eps]
(grfext)             \AppendGraphicsExtensions on input line 452.

(/usr/share/texlive/texmf-dist/tex/latex/latexconfig/epstopdf-sys.cfg
File: epstopdf-sys.cfg 2010/07/13 v1.3 Configuration of (r)epstopdf for TeX Liv
e
))
(/usr/share/texlive/texmf-dist/tex/latex/oberdiek/pdflscape.sty
Package: pdflscape 2008/08/11 v0.10 Display of landscape pages in PDF (HO)

(/usr/share/texlive/texmf-dist/tex/latex/graphics/lscape.sty
Package: lscape 2000/10/22 v3.01 Landscape Pages (DPC)
)
Package pdflscape Info: Auto-detected driver: pdftex on input line 80.
)
Package caption Info: Begin \AtBeginDocument code.
Package caption Info: subfig package v1.3 is loaded.
Package caption Info: listings package is loaded.
Package caption Info: wrapfig package is loaded.
Package caption Info: End \AtBeginDocument code.
\c@lstlisting=\count178
\openout2 = `dokumente/titel.aux'.


(./dokumente/titel.tex
LaTeX Font Info:    Try loading font information for T1+cmtt on input line 4.
 (/usr/share/texlive/texmf-dist/tex/latex/base/t1cmtt.fd
File: t1cmtt.fd 2014/09/29 v2.5h Standard LaTeX font definitions
)
Overfull \hbox (35.99995pt too wide) in paragraph at lines 43--54
[]  
 []

) <images/icon_dhbw.jpg, id=213, 138.9993pt x 66.9702pt>
File: images/icon_dhbw.jpg Graphic file (type jpg)

<use images/icon_dhbw.jpg>
Package pdftex.def Info: images/icon_dhbw.jpg used on input line 49.
(pdftex.def)             Requested size: 111.19957pt x 53.57622pt.

Overfull \vbox (46.97461pt too high) has occurred while \output is active []

Package babel Info: Redefining ngerman shorthand "|
(babel)             in language  on input line 49.
Package babel Info: Redefining ngerman shorthand "~
(babel)             in language  on input line 49.
Package babel Info: Redefining ngerman shorthand "|
(babel)             in language  on input line 49.
Package babel Info: Redefining ngerman shorthand "~
(babel)             in language  on input line 49.

[1

\openout3 = `dokumentation.xdy'.


{/var/lib/texmf/fonts/map/pdftex/updmap/pdftex.map} <./images/icon_dhbw.jpg>]
\openout2 = `dokumente/erklaerung.aux'.

(./dokumente/erklaerung.tex
Underfull \hbox (badness 10000) in paragraph at lines 7--9

 []

)
File: images/icon_dhbw.jpg Graphic file (type jpg)
 <use images/icon_dhbw.jpg>
Package pdftex.def Info: images/icon_dhbw.jpg used on input line 50.
(pdftex.def)             Requested size: 97.29883pt x 46.87881pt.

Overfull \vbox (40.2772pt too high) has occurred while \output is active []

Package babel Info: Redefining ngerman shorthand "|
(babel)             in language  on input line 50.
Package babel Info: Redefining ngerman shorthand "~
(babel)             in language  on input line 50.
Package babel Info: Redefining ngerman shorthand "|
(babel)             in language  on input line 50.
Package babel Info: Redefining ngerman shorthand "~
(babel)             in language  on input line 50.

[2


]
\openout2 = `dokumente/abstract.aux'.

 (./dokumente/abstract.tex
File: images/icon_dhbw.jpg Graphic file (type jpg)
 <use images/icon_dhbw.jpg>
Package pdftex.def Info: images/icon_dhbw.jpg used on input line 3.
(pdftex.def)             Requested size: 97.29883pt x 46.87881pt.

Overfull \vbox (40.2772pt too high) has occurred while \output is active []

Package babel Info: Redefining ngerman shorthand "|
(babel)             in language  on input line 3.
Package babel Info: Redefining ngerman shorthand "~
(babel)             in language  on input line 3.
Package babel Info: Redefining ngerman shorthand "|
(babel)             in language  on input line 3.
Package babel Info: Redefining ngerman shorthand "~
(babel)             in language  on input line 3.

[3


])
File: images/icon_dhbw.jpg Graphic file (type jpg)
 <use images/icon_dhbw.jpg>
Package pdftex.def Info: images/icon_dhbw.jpg used on input line 51.
(pdftex.def)             Requested size: 97.29883pt x 46.87881pt.

Overfull \vbox (40.2772pt too high) has occurred while \output is active []

Package babel Info: Redefining ngerman shorthand "|
(babel)             in language  on input line 51.
Package babel Info: Redefining ngerman shorthand "~
(babel)             in language  on input line 51.
Package babel Info: Redefining ngerman shorthand "|
(babel)             in language  on input line 51.
Package babel Info: Redefining ngerman shorthand "~
(babel)             in language  on input line 51.

[4]
\openout2 = `dokumente/verzeichnisse.aux'.

 (./dokumente/verzeichnisse.tex (./dokumentation.toc
File: images/icon_dhbw.jpg Graphic file (type jpg)

<use images/icon_dhbw.jpg>
Package pdftex.def Info: images/icon_dhbw.jpg used on input line 45.
(pdftex.def)             Requested size: 97.29883pt x 46.87881pt.

Overfull \vbox (40.2772pt too high) has occurred while \output is active []

Package babel Info: Redefining ngerman shorthand "|
(babel)             in language  on input line 45.
Package babel Info: Redefining ngerman shorthand "~
(babel)             in language  on input line 45.
Package babel Info: Redefining ngerman shorthand "|
(babel)             in language  on input line 45.
Package babel Info: Redefining ngerman shorthand "~
(babel)             in language  on input line 45.

[5


])
\tf@toc=\write7
\openout7 = `dokumentation.toc'.

File: images/icon_dhbw.jpg Graphic file (type jpg)
 <use images/icon_dhbw.jpg>
Package pdftex.def Info: images/icon_dhbw.jpg used on input line 2.
(pdftex.def)             Requested size: 97.29883pt x 46.87881pt.

Overfull \vbox (40.2772pt too high) has occurred while \output is active []

Package babel Info: Redefining ngerman shorthand "|
(babel)             in language  on input line 2.
Package babel Info: Redefining ngerman shorthand "~
(babel)             in language  on input line 2.
Package babel Info: Redefining ngerman shorthand "|
(babel)             in language  on input line 2.
Package babel Info: Redefining ngerman shorthand "~
(babel)             in language  on input line 2.

[6] (./dokumentation.acr)
File: images/icon_dhbw.jpg Graphic file (type jpg)
 <use images/icon_dhbw.jpg>
Package pdftex.def Info: images/icon_dhbw.jpg used on input line 4.
(pdftex.def)             Requested size: 97.29883pt x 46.87881pt.

Overfull \vbox (40.2772pt too high) has occurred while \output is active []

Package babel Info: Redefining ngerman shorthand "|
(babel)             in language  on input line 4.
Package babel Info: Redefining ngerman shorthand "~
(babel)             in language  on input line 4.
Package babel Info: Redefining ngerman shorthand "|
(babel)             in language  on input line 4.
Package babel Info: Redefining ngerman shorthand "~
(babel)             in language  on input line 4.

[7] (./dokumentation.gls)
File: images/icon_dhbw.jpg Graphic file (type jpg)
 <use images/icon_dhbw.jpg>
Package pdftex.def Info: images/icon_dhbw.jpg used on input line 6.
(pdftex.def)             Requested size: 97.29883pt x 46.87881pt.

Overfull \vbox (40.2772pt too high) has occurred while \output is active []

Package babel Info: Redefining ngerman shorthand "|
(babel)             in language  on input line 6.
Package babel Info: Redefining ngerman shorthand "~
(babel)             in language  on input line 6.
Package babel Info: Redefining ngerman shorthand "|
(babel)             in language  on input line 6.
Package babel Info: Redefining ngerman shorthand "~
(babel)             in language  on input line 6.

[8] (./dokumentation.lof)
\tf@lof=\write8
\openout8 = `dokumentation.lof'.

File: images/icon_dhbw.jpg Graphic file (type jpg)
 <use images/icon_dhbw.jpg>
Package pdftex.def Info: images/icon_dhbw.jpg used on input line 8.
(pdftex.def)             Requested size: 97.29883pt x 46.87881pt.

Overfull \vbox (40.2772pt too high) has occurred while \output is active []

Package babel Info: Redefining ngerman shorthand "|
(babel)             in language  on input line 8.
Package babel Info: Redefining ngerman shorthand "~
(babel)             in language  on input line 8.
Package babel Info: Redefining ngerman shorthand "|
(babel)             in language  on input line 8.
Package babel Info: Redefining ngerman shorthand "~
(babel)             in language  on input line 8.

[9] (./dokumentation.lot)
\tf@lot=\write9
\openout9 = `dokumentation.lot'.

)
File: images/icon_dhbw.jpg Graphic file (type jpg)
 <use images/icon_dhbw.jpg>
Package pdftex.def Info: images/icon_dhbw.jpg used on input line 52.
(pdftex.def)             Requested size: 97.29883pt x 46.87881pt.

Overfull \vbox (40.2772pt too high) has occurred while \output is active []

Package babel Info: Redefining ngerman shorthand "|
(babel)             in language  on input line 52.
Package babel Info: Redefining ngerman shorthand "~
(babel)             in language  on input line 52.
Package babel Info: Redefining ngerman shorthand "|
(babel)             in language  on input line 52.
Package babel Info: Redefining ngerman shorthand "~
(babel)             in language  on input line 52.

[10]
\openout2 = `dokumente/einleitung.aux'.

 (./dokumente/einleitung.tex
Package babel Info: Redefining ngerman shorthand "|
(babel)             in language  on input line 1.
Package babel Info: Redefining ngerman shorthand "~
(babel)             in language  on input line 1.

Underfull \hbox (badness 10000) in paragraph at lines 3--5

 []

Package babel Info: Redefining ngerman shorthand "|
(babel)             in language  on input line 6.
Package babel Info: Redefining ngerman shorthand "~
(babel)             in language  on input line 6.
Package babel Info: Redefining ngerman shorthand "|
(babel)             in language  on input line 7.
Package babel Info: Redefining ngerman shorthand "~
(babel)             in language  on input line 7.
Package babel Info: Redefining ngerman shorthand "|
(babel)             in language  on input line 8.
Package babel Info: Redefining ngerman shorthand "~
(babel)             in language  on input line 8.
)
File: images/icon_dhbw.jpg Graphic file (type jpg)
 <use images/icon_dhbw.jpg>
Package pdftex.def Info: images/icon_dhbw.jpg used on input line 53.
(pdftex.def)             Requested size: 97.29883pt x 46.87881pt.

Overfull \vbox (40.2772pt too high) has occurred while \output is active []

Package babel Info: Redefining ngerman shorthand "|
(babel)             in language  on input line 53.
Package babel Info: Redefining ngerman shorthand "~
(babel)             in language  on input line 53.
Package babel Info: Redefining ngerman shorthand "|
(babel)             in language  on input line 53.
Package babel Info: Redefining ngerman shorthand "~
(babel)             in language  on input line 53.

[11


]
\openout2 = `dokumente/theoretischeundtechnischegrundlagen.aux'.

 (./dokumente/theoretischeundtechnischegrundlagen.tex
Package babel Info: Redefining ngerman shorthand "|
(babel)             in language  on input line 1.
Package babel Info: Redefining ngerman shorthand "~
(babel)             in language  on input line 1.
Package babel Info: Redefining ngerman shorthand "|
(babel)             in language  on input line 2.
Package babel Info: Redefining ngerman shorthand "~
(babel)             in language  on input line 2.
Package babel Info: Redefining ngerman shorthand "|
(babel)             in language  on input line 21.
Package babel Info: Redefining ngerman shorthand "~
(babel)             in language  on input line 21.
Package babel Info: Redefining ngerman shorthand "|
(babel)             in language  on input line 27.
Package babel Info: Redefining ngerman shorthand "~
(babel)             in language  on input line 27.
LaTeX Font Info:    Try loading font information for OMS+cmr on input line 34.

(/usr/share/texlive/texmf-dist/tex/latex/base/omscmr.fd
File: omscmr.fd 2014/09/29 v2.5h Standard LaTeX font definitions
)
LaTeX Font Info:    Font shape `OMS/cmr/m/n' in size <12> not available
(Font)              Font shape `OMS/cmsy/m/n' tried instead on input line 34.
Package babel Info: Redefining ngerman shorthand "|
(babel)             in language  on input line 39.
Package babel Info: Redefining ngerman shorthand "~
(babel)             in language  on input line 39.
Package babel Info: Redefining ngerman shorthand "|
(babel)             in language  on input line 40.
Package babel Info: Redefining ngerman shorthand "~
(babel)             in language  on input line 40.
Package babel Info: Redefining ngerman shorthand "|
(babel)             in language  on input line 51.
Package babel Info: Redefining ngerman shorthand "~
(babel)             in language  on input line 51.

<images/technische_grundlagen/EV3-Overview.png, id=371, 2007.5pt x 1370.11874pt
>
File: images/technische_grundlagen/EV3-Overview.png Graphic file (type png)
 <use images/technische_grundlagen/EV3-Overview.png>
Package pdftex.def Info: images/technische_grundlagen/EV3-Overview.png used on 
input line 64.
(pdftex.def)             Requested size: 409.71692pt x 279.62178pt.

Overfull \hbox (0.19768pt too wide) in paragraph at lines 55--76
\T1/cmr/m/n/12 zeich-nung setzt sich aus EV fr Evo-lu-ti-on und 3 fr die 3 St
u-fe der LE-GO MINDSTORMS-
 []

File: images/icon_dhbw.jpg Graphic file (type jpg)
<use images/icon_dhbw.jpg>
Package pdftex.def Info: images/icon_dhbw.jpg used on input line 76.
(pdftex.def)             Requested size: 97.29883pt x 46.87881pt.

Overfull \vbox (40.2772pt too high) has occurred while \output is active []

Package babel Info: Redefining ngerman shorthand "|
(babel)             in language  on input line 76.
Package babel Info: Redefining ngerman shorthand "~
(babel)             in language  on input line 76.
Package babel Info: Redefining ngerman shorthand "|
(babel)             in language  on input line 76.
Package babel Info: Redefining ngerman shorthand "~
(babel)             in language  on input line 76.

[12


]
Package babel Info: Redefining ngerman shorthand "|
(babel)             in language  on input line 76.
Package babel Info: Redefining ngerman shorthand "~
(babel)             in language  on input line 76.
File: images/icon_dhbw.jpg Graphic file (type jpg)
 <use images/icon_dhbw.jpg>
Package pdftex.def Info: images/icon_dhbw.jpg used on input line 93.
(pdftex.def)             Requested size: 97.29883pt x 46.87881pt.

Overfull \vbox (40.2772pt too high) has occurred while \output is active []

Package babel Info: Redefining ngerman shorthand "|
(babel)             in language  on input line 93.
Package babel Info: Redefining ngerman shorthand "~
(babel)             in language  on input line 93.
Package babel Info: Redefining ngerman shorthand "|
(babel)             in language  on input line 93.
Package babel Info: Redefining ngerman shorthand "~
(babel)             in language  on input line 93.

[13 <./images/technische_grundlagen/EV3-Overview.png>]
Package babel Info: Redefining ngerman shorthand "|
(babel)             in language  on input line 103.
Package babel Info: Redefining ngerman shorthand "~
(babel)             in language  on input line 103.
Package babel Info: Redefining ngerman shorthand "|
(babel)             in language  on input line 124.
Package babel Info: Redefining ngerman shorthand "~
(babel)             in language  on input line 124.
File: images/icon_dhbw.jpg Graphic file (type jpg)

<use images/icon_dhbw.jpg>
Package pdftex.def Info: images/icon_dhbw.jpg used on input line 128.
(pdftex.def)             Requested size: 97.29883pt x 46.87881pt.

Overfull \vbox (40.2772pt too high) has occurred while \output is active []

Package babel Info: Redefining ngerman shorthand "|
(babel)             in language  on input line 128.
Package babel Info: Redefining ngerman shorthand "~
(babel)             in language  on input line 128.
Package babel Info: Redefining ngerman shorthand "|
(babel)             in language  on input line 128.
Package babel Info: Redefining ngerman shorthand "~
(babel)             in language  on input line 128.

[14]
File: images/icon_dhbw.jpg Graphic file (type jpg)
 <use images/icon_dhbw.jpg>
Package pdftex.def Info: images/icon_dhbw.jpg used on input line 158.
(pdftex.def)             Requested size: 97.29883pt x 46.87881pt.

Overfull \vbox (40.2772pt too high) has occurred while \output is active []

Package babel Info: Redefining ngerman shorthand "|
(babel)             in language  on input line 158.
Package babel Info: Redefining ngerman shorthand "~
(babel)             in language  on input line 158.
Package babel Info: Redefining ngerman shorthand "|
(babel)             in language  on input line 158.
Package babel Info: Redefining ngerman shorthand "~
(babel)             in language  on input line 158.

[15]
File: images/icon_dhbw.jpg Graphic file (type jpg)
 <use images/icon_dhbw.jpg>
Package pdftex.def Info: images/icon_dhbw.jpg used on input line 206.
(pdftex.def)             Requested size: 97.29883pt x 46.87881pt.

Overfull \vbox (40.2772pt too high) has occurred while \output is active []

Package babel Info: Redefining ngerman shorthand "|
(babel)             in language  on input line 206.
Package babel Info: Redefining ngerman shorthand "~
(babel)             in language  on input line 206.
Package babel Info: Redefining ngerman shorthand "|
(babel)             in language  on input line 206.
Package babel Info: Redefining ngerman shorthand "~
(babel)             in language  on input line 206.

[16]
Package babel Info: Redefining ngerman shorthand "|
(babel)             in language  on input line 206.
Package babel Info: Redefining ngerman shorthand "~
(babel)             in language  on input line 206.

Underfull \hbox (badness 10000) in paragraph at lines 220--220
[]\T1/cmr/m/n/12 EV3-
 []

File: images/icon_dhbw.jpg Graphic file (type jpg)
<use images/icon_dhbw.jpg>
Package pdftex.def Info: images/icon_dhbw.jpg used on input line 237.
(pdftex.def)             Requested size: 97.29883pt x 46.87881pt.

Overfull \vbox (40.2772pt too high) has occurred while \output is active []

Package babel Info: Redefining ngerman shorthand "|
(babel)             in language  on input line 237.
Package babel Info: Redefining ngerman shorthand "~
(babel)             in language  on input line 237.
Package babel Info: Redefining ngerman shorthand "|
(babel)             in language  on input line 237.
Package babel Info: Redefining ngerman shorthand "~
(babel)             in language  on input line 237.

[17]
File: images/icon_dhbw.jpg Graphic file (type jpg)
 <use images/icon_dhbw.jpg>
Package pdftex.def Info: images/icon_dhbw.jpg used on input line 247.
(pdftex.def)             Requested size: 97.29883pt x 46.87881pt.

Overfull \vbox (40.2772pt too high) has occurred while \output is active []

Package babel Info: Redefining ngerman shorthand "|
(babel)             in language  on input line 247.
Package babel Info: Redefining ngerman shorthand "~
(babel)             in language  on input line 247.
Package babel Info: Redefining ngerman shorthand "|
(babel)             in language  on input line 247.
Package babel Info: Redefining ngerman shorthand "~
(babel)             in language  on input line 247.

[18]
Package babel Info: Redefining ngerman shorthand "|
(babel)             in language  on input line 248.
Package babel Info: Redefining ngerman shorthand "~
(babel)             in language  on input line 248.


Package hyperref Warning: Token not allowed in a PDF string (PDFDocEncoding):
(hyperref)                removing `\gls' on input line 248.


<images/technische_grundlagen/App-Development.jpg, id=436, 421.575pt x 303.1325
pt>
File: images/technische_grundlagen/App-Development.jpg Graphic file (type jpg)
 <use images/technische_grundlagen/App-Development.jpg>
Package pdftex.def Info: images/technische_grundlagen/App-Development.jpg used 
on input line 252.
(pdftex.def)             Requested size: 182.09486pt x 130.93648pt.
Package babel Info: Redefining ngerman shorthand "|
(babel)             in language  on input line 260.
Package babel Info: Redefining ngerman shorthand "~
(babel)             in language  on input line 260.


Package hyperref Warning: Token not allowed in a PDF string (PDFDocEncoding):
(hyperref)                removing `\glspl' on input line 260.

Package babel Info: Redefining ngerman shorthand "|
(babel)             in language  on input line 265.
Package babel Info: Redefining ngerman shorthand "~
(babel)             in language  on input line 265.

Package hyperref Warning: Token not allowed in a PDF string (PDFDocEncoding):
(hyperref)                removing `\glspl' on input line 265.

File: images/icon_dhbw.jpg Graphic file (type jpg)
<use images/icon_dhbw.jpg>
Package pdftex.def Info: images/icon_dhbw.jpg used on input line 269.
(pdftex.def)             Requested size: 97.29883pt x 46.87881pt.

Overfull \vbox (40.2772pt too high) has occurred while \output is active []

Package babel Info: Redefining ngerman shorthand "|
(babel)             in language  on input line 269.
Package babel Info: Redefining ngerman shorthand "~
(babel)             in language  on input line 269.
Package babel Info: Redefining ngerman shorthand "|
(babel)             in language  on input line 269.
Package babel Info: Redefining ngerman shorthand "~
(babel)             in language  on input line 269.

[19 <./images/technische_grundlagen/App-Development.jpg>]
Package babel Info: Redefining ngerman shorthand "|
(babel)             in language  on input line 270.
Package babel Info: Redefining ngerman shorthand "~
(babel)             in language  on input line 270.


Package hyperref Warning: Token not allowed in a PDF string (PDFDocEncoding):
(hyperref)                removing `\glspl' on input line 270.

Package babel Info: Redefining ngerman shorthand "|
(babel)             in language  on input line 275.
Package babel Info: Redefining ngerman shorthand "~
(babel)             in language  on input line 275.

Underfull \hbox (badness 10000) in paragraph at lines 277--278

 []

File: images/icon_dhbw.jpg Graphic file (type jpg)
<use images/icon_dhbw.jpg>
Package pdftex.def Info: images/icon_dhbw.jpg used on input line 278.
(pdftex.def)             Requested size: 97.29883pt x 46.87881pt.

Overfull \vbox (40.2772pt too high) has occurred while \output is active []

Package babel Info: Redefining ngerman shorthand "|
(babel)             in language  on input line 278.
Package babel Info: Redefining ngerman shorthand "~
(babel)             in language  on input line 278.
Package babel Info: Redefining ngerman shorthand "|
(babel)             in language  on input line 278.
Package babel Info: Redefining ngerman shorthand "~
(babel)             in language  on input line 278.

[20]
Package babel Info: Redefining ngerman shorthand "|
(babel)             in language  on input line 279.
Package babel Info: Redefining ngerman shorthand "~
(babel)             in language  on input line 279.
 <images/technische_grundlagen/xamarin.png, id=495, 200.75pt x 200.75pt>
File: images/technische_grundlagen/xamarin.png Graphic file (type png)

<use images/technische_grundlagen/xamarin.png>
Package pdftex.def Info: images/technische_grundlagen/xamarin.png used on input
 line 283.
(pdftex.def)             Requested size: 113.81102pt x 113.81297pt.
Package babel Info: Redefining ngerman shorthand "|
(babel)             in language  on input line 298.
Package babel Info: Redefining ngerman shorthand "~
(babel)             in language  on input line 298.

<images/technische_grundlagen/mono.png, id=501, 200.75pt x 200.75pt>
File: images/technische_grundlagen/mono.png Graphic file (type png)

<use images/technische_grundlagen/mono.png>
Package pdftex.def Info: images/technische_grundlagen/mono.png used on input li
ne 302.
(pdftex.def)             Requested size: 113.81102pt x 113.81297pt.
Package babel Info: Redefining ngerman shorthand "|
(babel)             in language  on input line 310.
Package babel Info: Redefining ngerman shorthand "~
(babel)             in language  on input line 310.
Package babel Info: Redefining ngerman shorthand "|
(babel)             in language  on input line 314.
Package babel Info: Redefining ngerman shorthand "~
(babel)             in language  on input line 314.
Package babel Info: Redefining ngerman shorthand "|
(babel)             in language  on input line 316.
Package babel Info: Redefining ngerman shorthand "~
(babel)             in language  on input line 316.
Package babel Info: Redefining ngerman shorthand "|
(babel)             in language  on input line 317.
Package babel Info: Redefining ngerman shorthand "~
(babel)             in language  on input line 317.
Package babel Info: Redefining ngerman shorthand "|
(babel)             in language  on input line 319.
Package babel Info: Redefining ngerman shorthand "~
(babel)             in language  on input line 319.
Package babel Info: Redefining ngerman shorthand "|
(babel)             in language  on input line 321.
Package babel Info: Redefining ngerman shorthand "~
(babel)             in language  on input line 321.
Package babel Info: Redefining ngerman shorthand "|
(babel)             in language  on input line 322.
Package babel Info: Redefining ngerman shorthand "~
(babel)             in language  on input line 322.
Package babel Info: Redefining ngerman shorthand "|
(babel)             in language  on input line 323.
Package babel Info: Redefining ngerman shorthand "~
(babel)             in language  on input line 323.
Package babel Info: Redefining ngerman shorthand "|
(babel)             in language  on input line 325.
Package babel Info: Redefining ngerman shorthand "~
(babel)             in language  on input line 325.
Package babel Info: Redefining ngerman shorthand "|
(babel)             in language  on input line 326.
Package babel Info: Redefining ngerman shorthand "~
(babel)             in language  on input line 326.
Package babel Info: Redefining ngerman shorthand "|
(babel)             in language  on input line 328.
Package babel Info: Redefining ngerman shorthand "~
(babel)             in language  on input line 328.
Package babel Info: Redefining ngerman shorthand "|
(babel)             in language  on input line 330.
Package babel Info: Redefining ngerman shorthand "~
(babel)             in language  on input line 330.
Package babel Info: Redefining ngerman shorthand "|
(babel)             in language  on input line 331.
Package babel Info: Redefining ngerman shorthand "~
(babel)             in language  on input line 331.
Package babel Info: Redefining ngerman shorthand "|
(babel)             in language  on input line 332.
Package babel Info: Redefining ngerman shorthand "~
(babel)             in language  on input line 332.
Package babel Info: Redefining ngerman shorthand "|
(babel)             in language  on input line 333.
Package babel Info: Redefining ngerman shorthand "~
(babel)             in language  on input line 333.
)
File: images/icon_dhbw.jpg Graphic file (type jpg)
 <use images/icon_dhbw.jpg>
Package pdftex.def Info: images/icon_dhbw.jpg used on input line 54.
(pdftex.def)             Requested size: 97.29883pt x 46.87881pt.

Overfull \vbox (40.2772pt too high) has occurred while \output is active []

Package babel Info: Redefining ngerman shorthand "|
(babel)             in language  on input line 54.
Package babel Info: Redefining ngerman shorthand "~
(babel)             in language  on input line 54.
Package babel Info: Redefining ngerman shorthand "|
(babel)             in language  on input line 54.
Package babel Info: Redefining ngerman shorthand "~
(babel)             in language  on input line 54.

[21 <./images/technische_grundlagen/xamarin.png> <./images/technische_grundlage
n/mono.png>]
File: images/icon_dhbw.jpg Graphic file (type jpg)
 <use images/icon_dhbw.jpg>
Package pdftex.def Info: images/icon_dhbw.jpg used on input line 54.
(pdftex.def)             Requested size: 97.29883pt x 46.87881pt.

Overfull \vbox (40.2772pt too high) has occurred while \output is active []

Package babel Info: Redefining ngerman shorthand "|
(babel)             in language  on input line 54.
Package babel Info: Redefining ngerman shorthand "~
(babel)             in language  on input line 54.
Package babel Info: Redefining ngerman shorthand "|
(babel)             in language  on input line 54.
Package babel Info: Redefining ngerman shorthand "~
(babel)             in language  on input line 54.

[22]
\openout2 = `dokumente/organisation.aux'.

 (./dokumente/organisation.tex
Package babel Info: Redefining ngerman shorthand "|
(babel)             in language  on input line 1.
Package babel Info: Redefining ngerman shorthand "~
(babel)             in language  on input line 1.
Package babel Info: Redefining ngerman shorthand "|
(babel)             in language  on input line 2.
Package babel Info: Redefining ngerman shorthand "~
(babel)             in language  on input line 2.
)
File: images/icon_dhbw.jpg Graphic file (type jpg)
 <use images/icon_dhbw.jpg>
Package pdftex.def Info: images/icon_dhbw.jpg used on input line 55.
(pdftex.def)             Requested size: 97.29883pt x 46.87881pt.

Overfull \vbox (40.2772pt too high) has occurred while \output is active []

Package babel Info: Redefining ngerman shorthand "|
(babel)             in language  on input line 55.
Package babel Info: Redefining ngerman shorthand "~
(babel)             in language  on input line 55.
Package babel Info: Redefining ngerman shorthand "|
(babel)             in language  on input line 55.
Package babel Info: Redefining ngerman shorthand "~
(babel)             in language  on input line 55.

[23


]
\openout2 = `dokumente/konzeption.aux'.

 (./dokumente/konzeption.tex
Package babel Info: Redefining ngerman shorthand "|
(babel)             in language  on input line 1.
Package babel Info: Redefining ngerman shorthand "~
(babel)             in language  on input line 1.
Package babel Info: Redefining ngerman shorthand "|
(babel)             in language  on input line 5.
Package babel Info: Redefining ngerman shorthand "~
(babel)             in language  on input line 5.
Package babel Info: Redefining ngerman shorthand "|
(babel)             in language  on input line 9.
Package babel Info: Redefining ngerman shorthand "~
(babel)             in language  on input line 9.
Package babel Info: Redefining ngerman shorthand "|
(babel)             in language  on input line 11.
Package babel Info: Redefining ngerman shorthand "~
(babel)             in language  on input line 11.
Package babel Info: Redefining ngerman shorthand "|
(babel)             in language  on input line 12.
Package babel Info: Redefining ngerman shorthand "~
(babel)             in language  on input line 12.

<images/use_cases/Connect.png, id=519, 804.00375pt x 724.7075pt>
File: images/use_cases/Connect.png Graphic file (type png)

<use images/use_cases/Connect.png>
Package pdftex.def Info: images/use_cases/Connect.png used on input line 16.
(pdftex.def)             Requested size: 364.19667pt x 328.2717pt.
File: images/icon_dhbw.jpg Graphic file (type jpg)
 <use images/icon_dhbw.jpg>
Package pdftex.def Info: images/icon_dhbw.jpg used on input line 24.
(pdftex.def)             Requested size: 97.29883pt x 46.87881pt.

Overfull \vbox (40.2772pt too high) has occurred while \output is active []

Package babel Info: Redefining ngerman shorthand "|
(babel)             in language  on input line 24.
Package babel Info: Redefining ngerman shorthand "~
(babel)             in language  on input line 24.
Package babel Info: Redefining ngerman shorthand "|
(babel)             in language  on input line 24.
Package babel Info: Redefining ngerman shorthand "~
(babel)             in language  on input line 24.

[24


 <./images/use_cases/Connect.png>]
<images/mockups/Connection.png, id=525, 381.425pt x 756.8275pt>
File: images/mockups/Connection.png Graphic file (type png)

<use images/mockups/Connection.png>
Package pdftex.def Info: images/mockups/Connection.png used on input line 27.
(pdftex.def)             Requested size: 182.09486pt x 361.30988pt.

<images/mockups/Home.png, id=526, 381.425pt x 756.8275pt>
File: images/mockups/Home.png Graphic file (type png)

<use images/mockups/Home.png>
Package pdftex.def Info: images/mockups/Home.png used on input line 29.
(pdftex.def)             Requested size: 182.09486pt x 361.30988pt.
Package babel Info: Redefining ngerman shorthand "|
(babel)             in language  on input line 33.
Package babel Info: Redefining ngerman shorthand "~
(babel)             in language  on input line 33.

<images/use_cases/Synchronization.png, id=527, 500.87125pt x 614.295pt>
File: images/use_cases/Synchronization.png Graphic file (type png)

<use images/use_cases/Synchronization.png>
Package pdftex.def Info: images/use_cases/Synchronization.png used on input lin
e 37.
(pdftex.def)             Requested size: 182.09486pt x 223.33002pt.

<images/use_cases/Update.png, id=528, 764.8575pt x 1045.9075pt>
File: images/use_cases/Update.png Graphic file (type png)

<use images/use_cases/Update.png>
Package pdftex.def Info: images/use_cases/Update.png used on input line 39.
(pdftex.def)             Requested size: 250.38564pt x 342.38959pt.

<images/mockups/RobotList.png, id=529, 381.425pt x 756.8275pt>
File: images/mockups/RobotList.png Graphic file (type png)

<use images/mockups/RobotList.png>
Package pdftex.def Info: images/mockups/RobotList.png used on input line 48.
(pdftex.def)             Requested size: 227.62206pt x 451.65178pt.
Package babel Info: Redefining ngerman shorthand "|
(babel)             in language  on input line 54.
Package babel Info: Redefining ngerman shorthand "~
(babel)             in language  on input line 54.

<images/use_cases/Spectator.png, id=530, 505.89pt x 724.7075pt>
File: images/use_cases/Spectator.png Graphic file (type png)

<use images/use_cases/Spectator.png>
Package pdftex.def Info: images/use_cases/Spectator.png used on input line 58.
(pdftex.def)             Requested size: 273.14923pt x 391.30305pt.


LaTeX Warning: `h' float specifier changed to `ht'.

<images/mockups/Spectator.png, id=531, 381.425pt x 756.8275pt>
File: images/mockups/Spectator.png Graphic file (type png)

<use images/mockups/Spectator.png>
Package pdftex.def Info: images/mockups/Spectator.png used on input line 65.
(pdftex.def)             Requested size: 273.14923pt x 542.00523pt.


LaTeX Warning: `h' float specifier changed to `ht'.

<images/use_cases/Control.png, id=532, 724.7075pt x 724.7075pt>
File: images/use_cases/Control.png Graphic file (type png)

<use images/use_cases/Control.png>
Package pdftex.def Info: images/use_cases/Control.png used on input line 73.
(pdftex.def)             Requested size: 364.19667pt x 364.19957pt.


LaTeX Warning: `h' float specifier changed to `ht'.

<images/mockups/Control.png, id=533, 381.425pt x 756.8275pt>
File: images/mockups/Control.png Graphic file (type png)

<use images/mockups/Control.png>
Package pdftex.def Info: images/mockups/Control.png used on input line 80.
(pdftex.def)             Requested size: 273.14923pt x 542.00523pt.


LaTeX Warning: `h' float specifier changed to `ht'.

<images/use_cases/Synchron.png, id=534, 905.3825pt x 724.7075pt>
File: images/use_cases/Synchron.png Graphic file (type png)

<use images/use_cases/Synchron.png>
Package pdftex.def Info: images/use_cases/Synchron.png used on input line 88.
(pdftex.def)             Requested size: 409.71692pt x 327.951pt.


LaTeX Warning: `h' float specifier changed to `ht'.

<images/use_cases/Follow.png, id=535, 905.3825pt x 805.0075pt>
File: images/use_cases/Follow.png Graphic file (type png)

<use images/use_cases/Follow.png>
Package pdftex.def Info: images/use_cases/Follow.png used on input line 96.
(pdftex.def)             Requested size: 409.71692pt x 364.28908pt.


LaTeX Warning: `h' float specifier changed to `ht'.

Package babel Info: Redefining ngerman shorthand "|
(babel)             in language  on input line 102.
Package babel Info: Redefining ngerman shorthand "~
(babel)             in language  on input line 102.
Package babel Info: Redefining ngerman shorthand "|
(babel)             in language  on input line 103.
Package babel Info: Redefining ngerman shorthand "~
(babel)             in language  on input line 103.
)
File: images/icon_dhbw.jpg Graphic file (type jpg)
 <use images/icon_dhbw.jpg>
Package pdftex.def Info: images/icon_dhbw.jpg used on input line 56.
(pdftex.def)             Requested size: 97.29883pt x 46.87881pt.

Overfull \vbox (40.2772pt too high) has occurred while \output is active []

Package babel Info: Redefining ngerman shorthand "|
(babel)             in language  on input line 56.
Package babel Info: Redefining ngerman shorthand "~
(babel)             in language  on input line 56.
Package babel Info: Redefining ngerman shorthand "|
(babel)             in language  on input line 56.
Package babel Info: Redefining ngerman shorthand "~
(babel)             in language  on input line 56.

[25 <./images/mockups/Connection.png> <./images/mockups/Home.png>]
File: images/icon_dhbw.jpg Graphic file (type jpg)

<use images/icon_dhbw.jpg>
Package pdftex.def Info: images/icon_dhbw.jpg used on input line 56.
(pdftex.def)             Requested size: 97.29883pt x 46.87881pt.

Overfull \vbox (40.2772pt too high) has occurred while \output is active []

Package babel Info: Redefining ngerman shorthand "|
(babel)             in language  on input line 56.
Package babel Info: Redefining ngerman shorthand "~
(babel)             in language  on input line 56.
Package babel Info: Redefining ngerman shorthand "|
(babel)             in language  on input line 56.
Package babel Info: Redefining ngerman shorthand "~
(babel)             in language  on input line 56.

[26 <./images/use_cases/Synchronization.png> <./images/use_cases/Update.png>]
File: images/icon_dhbw.jpg Graphic file (type jpg)

<use images/icon_dhbw.jpg>
Package pdftex.def Info: images/icon_dhbw.jpg used on input line 56.
(pdftex.def)             Requested size: 97.29883pt x 46.87881pt.

Overfull \vbox (40.2772pt too high) has occurred while \output is active []

Package babel Info: Redefining ngerman shorthand "|
(babel)             in language  on input line 56.
Package babel Info: Redefining ngerman shorthand "~
(babel)             in language  on input line 56.
Package babel Info: Redefining ngerman shorthand "|
(babel)             in language  on input line 56.
Package babel Info: Redefining ngerman shorthand "~
(babel)             in language  on input line 56.

[27 <./images/mockups/RobotList.png>]
File: images/icon_dhbw.jpg Graphic file (type jpg)
 <use images/icon_dhbw.jpg>
Package pdftex.def Info: images/icon_dhbw.jpg used on input line 56.
(pdftex.def)             Requested size: 97.29883pt x 46.87881pt.

Overfull \vbox (40.2772pt too high) has occurred while \output is active []

Package babel Info: Redefining ngerman shorthand "|
(babel)             in language  on input line 56.
Package babel Info: Redefining ngerman shorthand "~
(babel)             in language  on input line 56.
Package babel Info: Redefining ngerman shorthand "|
(babel)             in language  on input line 56.
Package babel Info: Redefining ngerman shorthand "~
(babel)             in language  on input line 56.

[28 <./images/use_cases/Spectator.png>]
File: images/icon_dhbw.jpg Graphic file (type jpg)
 <use images/icon_dhbw.jpg>
Package pdftex.def Info: images/icon_dhbw.jpg used on input line 56.
(pdftex.def)             Requested size: 97.29883pt x 46.87881pt.

Overfull \vbox (40.2772pt too high) has occurred while \output is active []

Package babel Info: Redefining ngerman shorthand "|
(babel)             in language  on input line 56.
Package babel Info: Redefining ngerman shorthand "~
(babel)             in language  on input line 56.
Package babel Info: Redefining ngerman shorthand "|
(babel)             in language  on input line 56.
Package babel Info: Redefining ngerman shorthand "~
(babel)             in language  on input line 56.

[29 <./images/mockups/Spectator.png>]
File: images/icon_dhbw.jpg Graphic file (type jpg)
 <use images/icon_dhbw.jpg>
Package pdftex.def Info: images/icon_dhbw.jpg used on input line 56.
(pdftex.def)             Requested size: 97.29883pt x 46.87881pt.

Overfull \vbox (40.2772pt too high) has occurred while \output is active []

Package babel Info: Redefining ngerman shorthand "|
(babel)             in language  on input line 56.
Package babel Info: Redefining ngerman shorthand "~
(babel)             in language  on input line 56.
Package babel Info: Redefining ngerman shorthand "|
(babel)             in language  on input line 56.
Package babel Info: Redefining ngerman shorthand "~
(babel)             in language  on input line 56.

[30 <./images/use_cases/Control.png>]
File: images/icon_dhbw.jpg Graphic file (type jpg)
 <use images/icon_dhbw.jpg>
Package pdftex.def Info: images/icon_dhbw.jpg used on input line 56.
(pdftex.def)             Requested size: 97.29883pt x 46.87881pt.

Overfull \vbox (40.2772pt too high) has occurred while \output is active []

Package babel Info: Redefining ngerman shorthand "|
(babel)             in language  on input line 56.
Package babel Info: Redefining ngerman shorthand "~
(babel)             in language  on input line 56.
Package babel Info: Redefining ngerman shorthand "|
(babel)             in language  on input line 56.
Package babel Info: Redefining ngerman shorthand "~
(babel)             in language  on input line 56.

[31 <./images/mockups/Control.png>]
File: images/icon_dhbw.jpg Graphic file (type jpg)
 <use images/icon_dhbw.jpg>
Package pdftex.def Info: images/icon_dhbw.jpg used on input line 56.
(pdftex.def)             Requested size: 97.29883pt x 46.87881pt.

Overfull \vbox (40.2772pt too high) has occurred while \output is active []

Package babel Info: Redefining ngerman shorthand "|
(babel)             in language  on input line 56.
Package babel Info: Redefining ngerman shorthand "~
(babel)             in language  on input line 56.
Package babel Info: Redefining ngerman shorthand "|
(babel)             in language  on input line 56.
Package babel Info: Redefining ngerman shorthand "~
(babel)             in language  on input line 56.

[32 <./images/use_cases/Synchron.png>]
File: images/icon_dhbw.jpg Graphic file (type jpg)
 <use images/icon_dhbw.jpg>
Package pdftex.def Info: images/icon_dhbw.jpg used on input line 56.
(pdftex.def)             Requested size: 97.29883pt x 46.87881pt.

Overfull \vbox (40.2772pt too high) has occurred while \output is active []

Package babel Info: Redefining ngerman shorthand "|
(babel)             in language  on input line 56.
Package babel Info: Redefining ngerman shorthand "~
(babel)             in language  on input line 56.
Package babel Info: Redefining ngerman shorthand "|
(babel)             in language  on input line 56.
Package babel Info: Redefining ngerman shorthand "~
(babel)             in language  on input line 56.

[33 <./images/use_cases/Follow.png>]
\openout2 = `dokumente/loesungsansatz.aux'.

 (./dokumente/loesungsansatz.tex
Package babel Info: Redefining ngerman shorthand "|
(babel)             in language  on input line 1.
Package babel Info: Redefining ngerman shorthand "~
(babel)             in language  on input line 1.
)
File: images/icon_dhbw.jpg Graphic file (type jpg)

<use images/icon_dhbw.jpg>
Package pdftex.def Info: images/icon_dhbw.jpg used on input line 57.
(pdftex.def)             Requested size: 97.29883pt x 46.87881pt.

Overfull \vbox (40.2772pt too high) has occurred while \output is active []

Package babel Info: Redefining ngerman shorthand "|
(babel)             in language  on input line 57.
Package babel Info: Redefining ngerman shorthand "~
(babel)             in language  on input line 57.
Package babel Info: Redefining ngerman shorthand "|
(babel)             in language  on input line 57.
Package babel Info: Redefining ngerman shorthand "~
(babel)             in language  on input line 57.

[34


]
\openout2 = `dokumente/umsetzung.aux'.

 (./dokumente/umsetzung.tex
Package babel Info: Redefining ngerman shorthand "|
(babel)             in language  on input line 1.
Package babel Info: Redefining ngerman shorthand "~
(babel)             in language  on input line 1.
)
File: images/icon_dhbw.jpg Graphic file (type jpg)
 <use images/icon_dhbw.jpg>
Package pdftex.def Info: images/icon_dhbw.jpg used on input line 58.
(pdftex.def)             Requested size: 97.29883pt x 46.87881pt.

Overfull \vbox (40.2772pt too high) has occurred while \output is active []

Package babel Info: Redefining ngerman shorthand "|
(babel)             in language  on input line 58.
Package babel Info: Redefining ngerman shorthand "~
(babel)             in language  on input line 58.
Package babel Info: Redefining ngerman shorthand "|
(babel)             in language  on input line 58.
Package babel Info: Redefining ngerman shorthand "~
(babel)             in language  on input line 58.

[35


]
\openout2 = `dokumente/evaluation.aux'.

 (./dokumente/evaluation.tex
Package babel Info: Redefining ngerman shorthand "|
(babel)             in language  on input line 1.
Package babel Info: Redefining ngerman shorthand "~
(babel)             in language  on input line 1.
)
File: images/icon_dhbw.jpg Graphic file (type jpg)
 <use images/icon_dhbw.jpg>
Package pdftex.def Info: images/icon_dhbw.jpg used on input line 59.
(pdftex.def)             Requested size: 97.29883pt x 46.87881pt.

Overfull \vbox (40.2772pt too high) has occurred while \output is active []

Package babel Info: Redefining ngerman shorthand "|
(babel)             in language  on input line 59.
Package babel Info: Redefining ngerman shorthand "~
(babel)             in language  on input line 59.
Package babel Info: Redefining ngerman shorthand "|
(babel)             in language  on input line 59.
Package babel Info: Redefining ngerman shorthand "~
(babel)             in language  on input line 59.

[36


]
\openout2 = `dokumente/zusammenfassungausblick.aux'.

 (./dokumente/zusammenfassungausblick.tex
Package babel Info: Redefining ngerman shorthand "|
(babel)             in language  on input line 1.
Package babel Info: Redefining ngerman shorthand "~
(babel)             in language  on input line 1.
)
File: images/icon_dhbw.jpg Graphic file (type jpg)
 <use images/icon_dhbw.jpg>
Package pdftex.def Info: images/icon_dhbw.jpg used on input line 60.
(pdftex.def)             Requested size: 97.29883pt x 46.87881pt.

Overfull \vbox (40.2772pt too high) has occurred while \output is active []

Package babel Info: Redefining ngerman shorthand "|
(babel)             in language  on input line 60.
Package babel Info: Redefining ngerman shorthand "~
(babel)             in language  on input line 60.
Package babel Info: Redefining ngerman shorthand "|
(babel)             in language  on input line 60.
Package babel Info: Redefining ngerman shorthand "~
(babel)             in language  on input line 60.

[37


]
\openout2 = `dokumente/literatur.aux'.

 (./dokumente/literatur.tex (./dokumentation.bbl
Underfull \hbox (badness 10000) in paragraph at lines 9--12
\T1/cmtt/m/n/12 com / guides / cross-[]platform / getting _ started / introduct
ion _ to _ mobile _
 []


Underfull \hbox (badness 10000) in paragraph at lines 14--18
\T1/cmtt/m/n/12 www . app-[]entwickler-[]verzeichnis . de / faq-[]app-[]entwick
lung / 11-[]definitionen /
 []


Underfull \hbox (badness 1616) in paragraph at lines 20--25
[]\T1/cmr/m/n/12 Petra Rie-pe.  Na-ti-ve app, web app und hy-brid app im ber-b
lick: Warum
 []


Underfull \hbox (badness 1803) in paragraph at lines 20--25
\T1/cmr/m/n/12 na-ti-ve wenn es auch hy-brid geht?  URL [][]$\T1/cmtt/m/n/12 ht
tp : / / www . computerwoche . de / a /
 []


Underfull \hbox (badness 2050) in paragraph at lines 28--32
[]\T1/cmr/m/n/12 Maximilian Sch-bel, Thors-ten Leim-bach, and Bea-te Jost.  \T
1/cmr/m/it/12 Ro-ber-ta - EV3-
 []

))
File: images/icon_dhbw.jpg Graphic file (type jpg)
 <use images/icon_dhbw.jpg>
Package pdftex.def Info: images/icon_dhbw.jpg used on input line 61.
(pdftex.def)             Requested size: 97.29883pt x 46.87881pt.

Overfull \vbox (40.2772pt too high) has occurred while \output is active []

Package babel Info: Redefining ngerman shorthand "|
(babel)             in language  on input line 61.
Package babel Info: Redefining ngerman shorthand "~
(babel)             in language  on input line 61.
Package babel Info: Redefining ngerman shorthand "|
(babel)             in language  on input line 61.
Package babel Info: Redefining ngerman shorthand "~
(babel)             in language  on input line 61.

[38


]
\openout2 = `dokumente/anhang.aux'.

 (./dokumente/anhang.tex)
File: images/icon_dhbw.jpg Graphic file (type jpg)
 <use images/icon_dhbw.jpg>
Package pdftex.def Info: images/icon_dhbw.jpg used on input line 62.
(pdftex.def)             Requested size: 97.29883pt x 46.87881pt.

Overfull \vbox (40.2772pt too high) has occurred while \output is active []

Package babel Info: Redefining ngerman shorthand "|
(babel)             in language  on input line 62.
Package babel Info: Redefining ngerman shorthand "~
(babel)             in language  on input line 62.
Package babel Info: Redefining ngerman shorthand "|
(babel)             in language  on input line 62.
Package babel Info: Redefining ngerman shorthand "~
(babel)             in language  on input line 62.

[39


]
Package atveryend Info: Empty hook `BeforeClearDocument' on input line 65.
Package atveryend Info: Empty hook `AfterLastShipout' on input line 65.
 (./dokumentation.aux (./dokumente/titel.aux) (./dokumente/erklaerung.aux)
(./dokumente/abstract.aux) (./dokumente/verzeichnisse.aux)
(./dokumente/einleitung.aux)
(./dokumente/theoretischeundtechnischegrundlagen.aux)
(./dokumente/organisation.aux) (./dokumente/konzeption.aux)
(./dokumente/loesungsansatz.aux) (./dokumente/umsetzung.aux)
(./dokumente/evaluation.aux) (./dokumente/zusammenfassungausblick.aux)
(./dokumente/literatur.aux) (./dokumente/anhang.aux))
Package atveryend Info: Executing hook `AtVeryEndDocument' on input line 65.
Package atveryend Info: Executing hook `AtEndAfterFileList' on input line 65.
Package rerunfilecheck Info: File `dokumentation.out' has not changed.
(rerunfilecheck)             Checksum: 5D61167D95C338C552A5A621B6B1BA83;3466.
 ) 
Here is how much of TeX's memory you used:
 18464 strings out of 494901
 281765 string characters out of 6178617
 592245 words of memory out of 5000000
 21151 multiletter control sequences out of 15000+600000
 16245 words of font info for 40 fonts, out of 8000000 for 9000
 14 hyphenation exceptions out of 8191
 67i,16n,108p,1926b,539s stack positions out of 5000i,500n,10000p,200000b,80000s
pdfTeX warning (dest): name{Hfootnote.3} has been referenced but does not exi
st, replaced by a fixed one

pdfTeX warning (dest): name{glo:javascript} has been referenced but does not ex
ist, replaced by a fixed one

pdfTeX warning (dest): name{glo:css} has been referenced but does not exist, re
placed by a fixed one

pdfTeX warning (dest): name{glo:html} has been referenced but does not exist, r
eplaced by a fixed one

pdfTeX warning (dest): name{glo:xml} has been referenced but does not exist, re
placed by a fixed one

pdfTeX warning (dest): name{glo:ui} has been referenced but does not exist, rep
laced by a fixed one

pdfTeX warning (dest): name{glo:framework} has been referenced but does not exi
st, replaced by a fixed one

 </home/mbothner/.texmf-var/fonts/pk/ljfour/jknappen/ec/ecti1200.600pk> </home/
mbothner/.texmf-var/fonts/pk/ljfour/jknappen/ec/ectt1200.600pk> </home/mbothner
/.texmf-var/fonts/pk/ljfour/jknappen/ec/ecrm1000.600pk> </home/mbothner/.texmf-
var/fonts/pk/ljfour/jknappen/ec/ecrm0700.600pk> </home/mbothner/.texmf-var/font
s/pk/ljfour/jknappen/ec/ecrm0800.600pk> </home/mbothner/.texmf-var/fonts/pk/ljf
our/jknappen/ec/ecbx1200.600pk> </home/mbothner/.texmf-var/fonts/pk/ljfour/jkna
ppen/ec/ecbx1728.600pk> </home/mbothner/.texmf-var/fonts/pk/ljfour/jknappen/ec/
ecrm1200.600pk> </home/mbothner/.texmf-var/fonts/pk/ljfour/jknappen/ec/ecrm1440
.600pk> </home/mbothner/.texmf-var/fonts/pk/ljfour/jknappen/ec/ecbx1440.600pk><
/usr/share/texlive/texmf-dist/fonts/type1/public/amsfonts/cm/cmsy10.pfb></usr/s
hare/texlive/texmf-dist/fonts/type1/public/amsfonts/cm/cmsy8.pfb>
Output written on dokumentation.pdf (39 pages, 2356308 bytes).
PDF statistics:
 1090 PDF objects out of 1200 (max. 8388607)
 620 compressed objects within 7 object streams
 150 named destinations out of 1000 (max. 500000)
 502 words of extra memory for PDF output out of 10000 (max. 10000000)

